{"/Users/huangjien/workspace/writer/src/app/images.tsx": {"path":"/Users/huangjien/workspace/writer/src/app/images.tsx","statementMap":{"0":{"start":{"line":1,"column":13},"end":{"line":4,"column":2}}},"fnMap":{},"branchMap":{},"s":{"0":1},"f":{},"b":{}}
,"/Users/huangjien/workspace/writer/src/app/index.tsx": {"path":"/Users/huangjien/workspace/writer/src/app/index.tsx","statementMap":{"0":{"start":{"line":8,"column":0},"end":{"line":8,"column":24}},"1":{"start":{"line":1,"column":0},"end":{"line":1,"column":43}},"2":{"start":{"line":2,"column":0},"end":{"line":2,"column":60}},"3":{"start":{"line":3,"column":0},"end":{"line":3,"column":34}},"4":{"start":{"line":4,"column":0},"end":{"line":4,"column":40}},"5":{"start":{"line":5,"column":0},"end":{"line":5,"column":45}},"6":{"start":{"line":6,"column":0},"end":{"line":6,"column":58}},"7":{"start":{"line":9,"column":17},"end":{"line":9,"column":28}},"8":{"start":{"line":11,"column":19},"end":{"line":35,"column":4}},"9":{"start":{"line":37,"column":2},"end":{"line":132,"column":4}},"10":{"start":{"line":64,"column":31},"end":{"line":64,"column":53}},"11":{"start":{"line":72,"column":31},"end":{"line":72,"column":54}},"12":{"start":{"line":91,"column":12},"end":{"line":92,"column":null}}},"fnMap":{"0":{"name":"Page","decl":{"start":{"line":8,"column":24},"end":{"line":8,"column":28}},"loc":{"start":{"line":8,"column":28},"end":{"line":133,"column":1}}},"1":{"name":"(anonymous_1)","decl":{"start":{"line":64,"column":25},"end":{"line":64,"column":28}},"loc":{"start":{"line":64,"column":31},"end":{"line":64,"column":53}}},"2":{"name":"(anonymous_2)","decl":{"start":{"line":72,"column":25},"end":{"line":72,"column":28}},"loc":{"start":{"line":72,"column":31},"end":{"line":72,"column":54}}},"3":{"name":"(anonymous_3)","decl":{"start":{"line":90,"column":24},"end":{"line":90,"column":25}},"loc":{"start":{"line":91,"column":12},"end":{"line":92,"column":null}}}},"branchMap":{},"s":{"0":1,"1":1,"2":1,"3":1,"4":1,"5":1,"6":1,"7":1,"8":1,"9":1,"10":0,"11":0,"12":4},"f":{"0":1,"1":0,"2":0,"3":4},"b":{}}
,"/Users/huangjien/workspace/writer/src/app/read.tsx": {"path":"/Users/huangjien/workspace/writer/src/app/read.tsx","statementMap":{"0":{"start":{"line":22,"column":0},"end":{"line":22,"column":24}},"1":{"start":{"line":1,"column":0},"end":{"line":1,"column":48}},"2":{"start":{"line":2,"column":0},"end":{"line":2,"column":65}},"3":{"start":{"line":3,"column":0},"end":{"line":3,"column":57}},"4":{"start":{"line":4,"column":0},"end":{"line":4,"column":67}},"5":{"start":{"line":5,"column":0},"end":{"line":5,"column":38}},"6":{"start":{"line":6,"column":0},"end":{"line":6,"column":null}},"7":{"start":{"line":11,"column":0},"end":{"line":11,"column":59}},"8":{"start":{"line":12,"column":0},"end":{"line":12,"column":47}},"9":{"start":{"line":13,"column":0},"end":{"line":13,"column":55}},"10":{"start":{"line":14,"column":0},"end":{"line":14,"column":48}},"11":{"start":{"line":15,"column":0},"end":{"line":15,"column":null}},"12":{"start":{"line":25,"column":2},"end":{"line":30,"column":3}},"13":{"start":{"line":26,"column":4},"end":{"line":26,"column":33}},"14":{"start":{"line":28,"column":4},"end":{"line":28,"column":61}},"15":{"start":{"line":29,"column":4},"end":{"line":29,"column":22}},"16":{"start":{"line":31,"column":12},"end":{"line":31,"column":13}},"17":{"start":{"line":32,"column":2},"end":{"line":38,"column":3}},"18":{"start":{"line":33,"column":27},"end":{"line":33,"column":46}},"19":{"start":{"line":34,"column":4},"end":{"line":34,"column":29}},"20":{"start":{"line":36,"column":4},"end":{"line":36,"column":67}},"21":{"start":{"line":37,"column":4},"end":{"line":37,"column":12}},"22":{"start":{"line":50,"column":6},"end":{"line":50,"column":18}},"23":{"start":{"line":56,"column":50},"end":{"line":56,"column":64}},"24":{"start":{"line":57,"column":28},"end":{"line":57,"column":42}},"25":{"start":{"line":58,"column":42},"end":{"line":58,"column":57}},"26":{"start":{"line":59,"column":32},"end":{"line":59,"column":46}},"27":{"start":{"line":60,"column":46},"end":{"line":60,"column":57}},"28":{"start":{"line":61,"column":58},"end":{"line":61,"column":69}},"29":{"start":{"line":62,"column":30},"end":{"line":62,"column":49}},"30":{"start":{"line":63,"column":24},"end":{"line":63,"column":36}},"31":{"start":{"line":64,"column":24},"end":{"line":64,"column":37}},"32":{"start":{"line":67,"column":2},"end":{"line":74,"column":16}},"33":{"start":{"line":79,"column":33},"end":{"line":97,"column":3}},"34":{"start":{"line":81,"column":23},"end":{"line":83,"column":41}},"35":{"start":{"line":83,"column":21},"end":{"line":83,"column":40}},"36":{"start":{"line":84,"column":4},"end":{"line":84,"column":43}},"37":{"start":{"line":84,"column":33},"end":{"line":84,"column":43}},"38":{"start":{"line":88,"column":27},"end":{"line":90,"column":null}},"39":{"start":{"line":94,"column":4},"end":{"line":96,"column":11}},"40":{"start":{"line":99,"column":16},"end":{"line":154,"column":null}},"41":{"start":{"line":102,"column":6},"end":{"line":104,"column":7}},"42":{"start":{"line":103,"column":8},"end":{"line":103,"column":15}},"43":{"start":{"line":106,"column":6},"end":{"line":106,"column":35}},"44":{"start":{"line":107,"column":6},"end":{"line":107,"column":27}},"45":{"start":{"line":108,"column":29},"end":{"line":108,"column":68}},"46":{"start":{"line":111,"column":25},"end":{"line":113,"column":43}},"47":{"start":{"line":113,"column":23},"end":{"line":113,"column":42}},"48":{"start":{"line":114,"column":36},"end":{"line":116,"column":null}},"49":{"start":{"line":118,"column":6},"end":{"line":118,"column":41}},"50":{"start":{"line":119,"column":6},"end":{"line":119,"column":53}},"51":{"start":{"line":122,"column":6},"end":{"line":152,"column":9}},"52":{"start":{"line":126,"column":29},"end":{"line":128,"column":47}},"53":{"start":{"line":128,"column":27},"end":{"line":128,"column":46}},"54":{"start":{"line":129,"column":40},"end":{"line":131,"column":null}},"55":{"start":{"line":133,"column":30},"end":{"line":133,"column":77}},"56":{"start":{"line":136,"column":10},"end":{"line":136,"column":40}},"57":{"start":{"line":138,"column":10},"end":{"line":150,"column":11}},"58":{"start":{"line":140,"column":12},"end":{"line":140,"column":33}},"59":{"start":{"line":141,"column":12},"end":{"line":141,"column":33}},"60":{"start":{"line":142,"column":12},"end":{"line":142,"column":36}},"61":{"start":{"line":145,"column":12},"end":{"line":145,"column":37}},"62":{"start":{"line":147,"column":12},"end":{"line":149,"column":19}},"63":{"start":{"line":148,"column":14},"end":{"line":148,"column":33}},"64":{"start":{"line":157,"column":15},"end":{"line":163,"column":3}},"65":{"start":{"line":158,"column":4},"end":{"line":158,"column":34}},"66":{"start":{"line":159,"column":4},"end":{"line":159,"column":25}},"67":{"start":{"line":160,"column":4},"end":{"line":160,"column":25}},"68":{"start":{"line":161,"column":4},"end":{"line":161,"column":31}},"69":{"start":{"line":162,"column":4},"end":{"line":162,"column":18}},"70":{"start":{"line":165,"column":19},"end":{"line":167,"column":3}},"71":{"start":{"line":166,"column":4},"end":{"line":166,"column":26}},"72":{"start":{"line":169,"column":20},"end":{"line":173,"column":3}},"73":{"start":{"line":170,"column":4},"end":{"line":172,"column":5}},"74":{"start":{"line":171,"column":6},"end":{"line":171,"column":33}},"75":{"start":{"line":175,"column":17},"end":{"line":179,"column":3}},"76":{"start":{"line":176,"column":4},"end":{"line":178,"column":5}},"77":{"start":{"line":177,"column":6},"end":{"line":177,"column":30}},"78":{"start":{"line":181,"column":20},"end":{"line":181,"column":69}},"79":{"start":{"line":183,"column":17},"end":{"line":193,"column":18}},"80":{"start":{"line":186,"column":6},"end":{"line":190,"column":7}},"81":{"start":{"line":187,"column":8},"end":{"line":189,"column":11}},"82":{"start":{"line":191,"column":6},"end":{"line":191,"column":27}},"83":{"start":{"line":195,"column":20},"end":{"line":204,"column":18}},"84":{"start":{"line":198,"column":6},"end":{"line":202,"column":7}},"85":{"start":{"line":199,"column":8},"end":{"line":199,"column":16}},"86":{"start":{"line":200,"column":13},"end":{"line":202,"column":7}},"87":{"start":{"line":201,"column":8},"end":{"line":201,"column":26}},"88":{"start":{"line":206,"column":19},"end":{"line":206,"column":69}},"89":{"start":{"line":208,"column":2},"end":{"line":268,"column":4}},"90":{"start":{"line":213,"column":12},"end":{"line":213,"column":58}},"91":{"start":{"line":233,"column":25},"end":{"line":233,"column":47}},"92":{"start":{"line":247,"column":12},"end":{"line":249,"column":13}},"93":{"start":{"line":248,"column":14},"end":{"line":248,"column":21}},"94":{"start":{"line":252,"column":12},"end":{"line":254,"column":13}},"95":{"start":{"line":253,"column":14},"end":{"line":253,"column":43}},"96":{"start":{"line":255,"column":12},"end":{"line":255,"column":31}},"97":{"start":{"line":256,"column":12},"end":{"line":258,"column":13}},"98":{"start":{"line":257,"column":14},"end":{"line":257,"column":27}},"99":{"start":{"line":263,"column":24},"end":{"line":263,"column":31}},"100":{"start":{"line":264,"column":24},"end":{"line":264,"column":43}}},"fnMap":{"0":{"name":"Page","decl":{"start":{"line":22,"column":24},"end":{"line":22,"column":28}},"loc":{"start":{"line":22,"column":28},"end":{"line":269,"column":1}}},"1":{"name":"(anonymous_10)","decl":{"start":{"line":67,"column":12},"end":{"line":67,"column":15}},"loc":{"start":{"line":67,"column":17},"end":{"line":74,"column":3}}},"2":{"name":"(anonymous_11)","decl":{"start":{"line":79,"column":33},"end":{"line":79,"column":34}},"loc":{"start":{"line":79,"column":64},"end":{"line":97,"column":3}}},"3":{"name":"(anonymous_12)","decl":{"start":{"line":83,"column":14},"end":{"line":83,"column":15}},"loc":{"start":{"line":83,"column":21},"end":{"line":83,"column":40}}},"4":{"name":"(anonymous_13)","decl":{"start":{"line":100,"column":4},"end":{"line":100,"column":5}},"loc":{"start":{"line":100,"column":35},"end":{"line":153,"column":5}}},"5":{"name":"(anonymous_14)","decl":{"start":{"line":113,"column":16},"end":{"line":113,"column":17}},"loc":{"start":{"line":113,"column":23},"end":{"line":113,"column":42}}},"6":{"name":"(anonymous_15)","decl":{"start":{"line":124,"column":16},"end":{"line":124,"column":19}},"loc":{"start":{"line":124,"column":21},"end":{"line":151,"column":9}}},"7":{"name":"(anonymous_16)","decl":{"start":{"line":128,"column":20},"end":{"line":128,"column":21}},"loc":{"start":{"line":128,"column":27},"end":{"line":128,"column":46}}},"8":{"name":"(anonymous_17)","decl":{"start":{"line":147,"column":23},"end":{"line":147,"column":26}},"loc":{"start":{"line":147,"column":28},"end":{"line":149,"column":13}}},"9":{"name":"(anonymous_18)","decl":{"start":{"line":157,"column":15},"end":{"line":157,"column":16}},"loc":{"start":{"line":157,"column":38},"end":{"line":163,"column":3}}},"10":{"name":"(anonymous_19)","decl":{"start":{"line":165,"column":19},"end":{"line":165,"column":22}},"loc":{"start":{"line":165,"column":24},"end":{"line":167,"column":3}}},"11":{"name":"(anonymous_20)","decl":{"start":{"line":169,"column":20},"end":{"line":169,"column":23}},"loc":{"start":{"line":169,"column":25},"end":{"line":173,"column":3}}},"12":{"name":"(anonymous_21)","decl":{"start":{"line":175,"column":17},"end":{"line":175,"column":20}},"loc":{"start":{"line":175,"column":22},"end":{"line":179,"column":3}}},"13":{"name":"(anonymous_22)","decl":{"start":{"line":185,"column":11},"end":{"line":185,"column":14}},"loc":{"start":{"line":185,"column":16},"end":{"line":192,"column":5}}},"14":{"name":"(anonymous_23)","decl":{"start":{"line":197,"column":11},"end":{"line":197,"column":14}},"loc":{"start":{"line":197,"column":16},"end":{"line":203,"column":5}}},"15":{"name":"(anonymous_24)","decl":{"start":{"line":212,"column":28},"end":{"line":212,"column":29}},"loc":{"start":{"line":212,"column":42},"end":{"line":214,"column":11}}},"16":{"name":"(anonymous_25)","decl":{"start":{"line":233,"column":19},"end":{"line":233,"column":22}},"loc":{"start":{"line":233,"column":25},"end":{"line":233,"column":47}}},"17":{"name":"(anonymous_26)","decl":{"start":{"line":245,"column":28},"end":{"line":245,"column":29}},"loc":{"start":{"line":245,"column":46},"end":{"line":259,"column":11}}},"18":{"name":"(anonymous_27)","decl":{"start":{"line":263,"column":18},"end":{"line":263,"column":21}},"loc":{"start":{"line":263,"column":24},"end":{"line":263,"column":31}}},"19":{"name":"(anonymous_28)","decl":{"start":{"line":264,"column":18},"end":{"line":264,"column":21}},"loc":{"start":{"line":264,"column":24},"end":{"line":264,"column":43}}}},"branchMap":{"0":{"loc":{"start":{"line":79,"column":34},"end":{"line":79,"column":60}},"type":"default-arg","locations":[{"start":{"line":79,"column":52},"end":{"line":79,"column":60}}]},"1":{"loc":{"start":{"line":84,"column":4},"end":{"line":84,"column":43}},"type":"if","locations":[{"start":{"line":84,"column":4},"end":{"line":84,"column":43}}]},"2":{"loc":{"start":{"line":94,"column":11},"end":{"line":96,"column":10}},"type":"cond-expr","locations":[{"start":{"line":95,"column":8},"end":{"line":95,"column":41}},{"start":{"line":96,"column":8},"end":{"line":96,"column":10}}]},"3":{"loc":{"start":{"line":100,"column":5},"end":{"line":100,"column":31}},"type":"default-arg","locations":[{"start":{"line":100,"column":23},"end":{"line":100,"column":31}}]},"4":{"loc":{"start":{"line":102,"column":6},"end":{"line":104,"column":7}},"type":"if","locations":[{"start":{"line":102,"column":6},"end":{"line":104,"column":7}}]},"5":{"loc":{"start":{"line":138,"column":10},"end":{"line":150,"column":11}},"type":"if","locations":[{"start":{"line":138,"column":10},"end":{"line":150,"column":11}},{"start":{"line":143,"column":17},"end":{"line":150,"column":11}}]},"6":{"loc":{"start":{"line":157,"column":16},"end":{"line":157,"column":34}},"type":"default-arg","locations":[{"start":{"line":157,"column":25},"end":{"line":157,"column":34}}]},"7":{"loc":{"start":{"line":170,"column":4},"end":{"line":172,"column":5}},"type":"if","locations":[{"start":{"line":170,"column":4},"end":{"line":172,"column":5}}]},"8":{"loc":{"start":{"line":176,"column":4},"end":{"line":178,"column":5}},"type":"if","locations":[{"start":{"line":176,"column":4},"end":{"line":178,"column":5}}]},"9":{"loc":{"start":{"line":186,"column":6},"end":{"line":190,"column":7}},"type":"if","locations":[{"start":{"line":186,"column":6},"end":{"line":190,"column":7}}]},"10":{"loc":{"start":{"line":186,"column":10},"end":{"line":186,"column":45}},"type":"binary-expr","locations":[{"start":{"line":186,"column":10},"end":{"line":186,"column":20}},{"start":{"line":186,"column":24},"end":{"line":186,"column":45}}]},"11":{"loc":{"start":{"line":198,"column":6},"end":{"line":202,"column":7}},"type":"if","locations":[{"start":{"line":198,"column":6},"end":{"line":202,"column":7}},{"start":{"line":200,"column":13},"end":{"line":202,"column":7}}]},"12":{"loc":{"start":{"line":200,"column":13},"end":{"line":202,"column":7}},"type":"if","locations":[{"start":{"line":200,"column":13},"end":{"line":202,"column":7}}]},"13":{"loc":{"start":{"line":213,"column":12},"end":{"line":213,"column":57}},"type":"cond-expr","locations":[{"start":{"line":213,"column":35},"end":{"line":213,"column":46}},{"start":{"line":213,"column":49},"end":{"line":213,"column":57}}]},"14":{"loc":{"start":{"line":216,"column":11},"end":{"line":226,"column":null}},"type":"binary-expr","locations":[{"start":{"line":216,"column":11},"end":{"line":216,"column":18}},{"start":{"line":217,"column":12},"end":{"line":225,"column":null}}]},"15":{"loc":{"start":{"line":237,"column":7},"end":{"line":265,"column":null}},"type":"binary-expr","locations":[{"start":{"line":237,"column":7},"end":{"line":237,"column":14}},{"start":{"line":238,"column":8},"end":{"line":264,"column":null}}]},"16":{"loc":{"start":{"line":247,"column":12},"end":{"line":249,"column":13}},"type":"if","locations":[{"start":{"line":247,"column":12},"end":{"line":249,"column":13}}]},"17":{"loc":{"start":{"line":247,"column":16},"end":{"line":247,"column":46}},"type":"binary-expr","locations":[{"start":{"line":247,"column":16},"end":{"line":247,"column":27}},{"start":{"line":247,"column":31},"end":{"line":247,"column":46}}]},"18":{"loc":{"start":{"line":252,"column":12},"end":{"line":254,"column":13}},"type":"if","locations":[{"start":{"line":252,"column":12},"end":{"line":254,"column":13}}]},"19":{"loc":{"start":{"line":256,"column":12},"end":{"line":258,"column":13}},"type":"if","locations":[{"start":{"line":256,"column":12},"end":{"line":258,"column":13}}]}},"s":{"0":2,"1":2,"2":2,"3":2,"4":2,"5":2,"6":2,"7":2,"8":2,"9":2,"10":2,"11":2,"12":0,"13":0,"14":0,"15":0,"16":0,"17":0,"18":0,"19":0,"20":0,"21":0,"22":0,"23":0,"24":0,"25":0,"26":0,"27":0,"28":0,"29":0,"30":0,"31":0,"32":0,"33":0,"34":0,"35":0,"36":0,"37":0,"38":0,"39":0,"40":0,"41":0,"42":0,"43":0,"44":0,"45":0,"46":0,"47":0,"48":0,"49":0,"50":0,"51":0,"52":0,"53":0,"54":0,"55":0,"56":0,"57":0,"58":0,"59":0,"60":0,"61":0,"62":0,"63":0,"64":0,"65":0,"66":0,"67":0,"68":0,"69":0,"70":0,"71":0,"72":0,"73":0,"74":0,"75":0,"76":0,"77":0,"78":0,"79":0,"80":0,"81":0,"82":0,"83":0,"84":0,"85":0,"86":0,"87":0,"88":0,"89":0,"90":0,"91":0,"92":0,"93":0,"94":0,"95":0,"96":0,"97":0,"98":0,"99":0,"100":0},"f":{"0":0,"1":0,"2":0,"3":0,"4":0,"5":0,"6":0,"7":0,"8":0,"9":0,"10":0,"11":0,"12":0,"13":0,"14":0,"15":0,"16":0,"17":0,"18":0,"19":0},"b":{"0":[0],"1":[0],"2":[0,0],"3":[0],"4":[0],"5":[0,0],"6":[0],"7":[0],"8":[0],"9":[0],"10":[0,0],"11":[0,0],"12":[0],"13":[0,0],"14":[0,0],"15":[0,0],"16":[0],"17":[0,0],"18":[0],"19":[0]}}
,"/Users/huangjien/workspace/writer/src/components/AnalysisModal.tsx": {"path":"/Users/huangjien/workspace/writer/src/components/AnalysisModal.tsx","statementMap":{"0":{"start":{"line":14,"column":0},"end":{"line":14,"column":16}},"1":{"start":{"line":2,"column":0},"end":{"line":2,"column":77}},"2":{"start":{"line":3,"column":0},"end":{"line":3,"column":39}},"3":{"start":{"line":4,"column":0},"end":{"line":4,"column":53}},"4":{"start":{"line":5,"column":0},"end":{"line":5,"column":45}},"5":{"start":{"line":20,"column":2},"end":{"line":45,"column":4}}},"fnMap":{"0":{"name":"AnalysisModal","decl":{"start":{"line":14,"column":16},"end":{"line":14,"column":29}},"loc":{"start":{"line":19,"column":21},"end":{"line":46,"column":1}}}},"branchMap":{"0":{"loc":{"start":{"line":34,"column":13},"end":{"line":34,"column":69}},"type":"cond-expr","locations":[{"start":{"line":34,"column":24},"end":{"line":34,"column":32}},{"start":{"line":34,"column":35},"end":{"line":34,"column":69}}]}},"s":{"0":1,"1":1,"2":1,"3":1,"4":1,"5":0},"f":{"0":0},"b":{"0":[0,0]}}
,"/Users/huangjien/workspace/writer/src/components/ContentArea.tsx": {"path":"/Users/huangjien/workspace/writer/src/components/ContentArea.tsx","statementMap":{"0":{"start":{"line":12,"column":0},"end":{"line":12,"column":16}},"1":{"start":{"line":2,"column":0},"end":{"line":2,"column":54}},"2":{"start":{"line":3,"column":0},"end":{"line":3,"column":50}},"3":{"start":{"line":18,"column":2},"end":{"line":50,"column":4}}},"fnMap":{"0":{"name":"ContentArea","decl":{"start":{"line":12,"column":16},"end":{"line":12,"column":27}},"loc":{"start":{"line":17,"column":19},"end":{"line":51,"column":1}}}},"branchMap":{"0":{"loc":{"start":{"line":29,"column":13},"end":{"line":34,"column":35}},"type":"binary-expr","locations":[{"start":{"line":29,"column":13},"end":{"line":29,"column":20}},{"start":{"line":30,"column":14},"end":{"line":34,"column":35}}]}},"s":{"0":1,"1":1,"2":1,"3":0},"f":{"0":0},"b":{"0":[0,0]}}
,"/Users/huangjien/workspace/writer/src/components/Footer.tsx": {"path":"/Users/huangjien/workspace/writer/src/components/Footer.tsx","statementMap":{"0":{"start":{"line":1,"column":0},"end":{"line":1,"column":42}},"1":{"start":{"line":2,"column":0},"end":{"line":2,"column":67}},"2":{"start":{"line":3,"column":0},"end":{"line":3,"column":44}},"3":{"start":{"line":5,"column":22},"end":{"line":23,"column":1}},"4":{"start":{"line":6,"column":21},"end":{"line":6,"column":40}},"5":{"start":{"line":7,"column":2},"end":{"line":22,"column":4}},"6":{"start":{"line":5,"column":13},"end":{"line":5,"column":22}}},"fnMap":{"0":{"name":"(anonymous_1)","decl":{"start":{"line":5,"column":22},"end":{"line":5,"column":25}},"loc":{"start":{"line":5,"column":27},"end":{"line":23,"column":1}}}},"branchMap":{},"s":{"0":1,"1":1,"2":1,"3":1,"4":0,"5":0,"6":1},"f":{"0":0},"b":{}}
,"/Users/huangjien/workspace/writer/src/components/PlayBar.tsx": {"path":"/Users/huangjien/workspace/writer/src/components/PlayBar.tsx","statementMap":{"0":{"start":{"line":22,"column":0},"end":{"line":22,"column":16}},"1":{"start":{"line":2,"column":0},"end":{"line":2,"column":53}},"2":{"start":{"line":3,"column":0},"end":{"line":3,"column":45}},"3":{"start":{"line":4,"column":0},"end":{"line":4,"column":52}},"4":{"start":{"line":36,"column":2},"end":{"line":89,"column":4}}},"fnMap":{"0":{"name":"PlayBar","decl":{"start":{"line":22,"column":16},"end":{"line":22,"column":23}},"loc":{"start":{"line":35,"column":15},"end":{"line":90,"column":1}}}},"branchMap":{"0":{"loc":{"start":{"line":54,"column":47},"end":{"line":54,"column":74}},"type":"cond-expr","locations":[{"start":{"line":54,"column":58},"end":{"line":54,"column":65}},{"start":{"line":54,"column":68},"end":{"line":54,"column":74}}]},"1":{"loc":{"start":{"line":61,"column":19},"end":{"line":61,"column":45}},"type":"cond-expr","locations":[{"start":{"line":61,"column":29},"end":{"line":61,"column":36}},{"start":{"line":61,"column":39},"end":{"line":61,"column":45}}]},"2":{"loc":{"start":{"line":68,"column":19},"end":{"line":68,"column":42}},"type":"cond-expr","locations":[{"start":{"line":68,"column":26},"end":{"line":68,"column":33}},{"start":{"line":68,"column":36},"end":{"line":68,"column":42}}]},"3":{"loc":{"start":{"line":76,"column":19},"end":{"line":76,"column":58}},"type":"cond-expr","locations":[{"start":{"line":76,"column":42},"end":{"line":76,"column":48}},{"start":{"line":76,"column":51},"end":{"line":76,"column":58}}]},"4":{"loc":{"start":{"line":84,"column":19},"end":{"line":84,"column":58}},"type":"cond-expr","locations":[{"start":{"line":84,"column":42},"end":{"line":84,"column":48}},{"start":{"line":84,"column":51},"end":{"line":84,"column":58}}]}},"s":{"0":1,"1":1,"2":1,"3":1,"4":0},"f":{"0":0},"b":{"0":[0,0],"1":[0,0],"2":[0,0],"3":[0,0],"4":[0,0]}}
,"/Users/huangjien/workspace/writer/src/components/SpeechTask.tsx": {"path":"/Users/huangjien/workspace/writer/src/components/SpeechTask.tsx","statementMap":{"0":{"start":{"line":1,"column":0},"end":{"line":1,"column":49}},"1":{"start":{"line":2,"column":0},"end":{"line":2,"column":9}},"2":{"start":{"line":37,"column":9},"end":{"line":2,"column":57}},"3":{"start":{"line":4,"column":13},"end":{"line":4,"column":52}},"4":{"start":{"line":6,"column":0},"end":{"line":34,"column":3}},"5":{"start":{"line":7,"column":2},"end":{"line":7,"column":70}},"6":{"start":{"line":8,"column":2},"end":{"line":11,"column":3}},"7":{"start":{"line":9,"column":4},"end":{"line":9,"column":48}},"8":{"start":{"line":10,"column":4},"end":{"line":10,"column":11}},"9":{"start":{"line":12,"column":2},"end":{"line":16,"column":3}},"10":{"start":{"line":13,"column":4},"end":{"line":13,"column":53}},"11":{"start":{"line":14,"column":4},"end":{"line":14,"column":25}},"12":{"start":{"line":15,"column":4},"end":{"line":15,"column":11}},"13":{"start":{"line":17,"column":2},"end":{"line":33,"column":3}},"14":{"start":{"line":18,"column":4},"end":{"line":22,"column":6}},"15":{"start":{"line":27,"column":4},"end":{"line":30,"column":7}},"16":{"start":{"line":32,"column":4},"end":{"line":32,"column":73}}},"fnMap":{"0":{"name":"(anonymous_9)","decl":{"start":{"line":37,"column":9},"end":{"line":37,"column":22}},"loc":{"start":{"line":37,"column":9},"end":{"line":2,"column":57}}},"1":{"name":"(anonymous_10)","decl":{"start":{"line":6,"column":36},"end":{"line":6,"column":41}},"loc":{"start":{"line":6,"column":62},"end":{"line":34,"column":1}}}},"branchMap":{"0":{"loc":{"start":{"line":8,"column":2},"end":{"line":11,"column":3}},"type":"if","locations":[{"start":{"line":8,"column":2},"end":{"line":11,"column":3}}]},"1":{"loc":{"start":{"line":12,"column":2},"end":{"line":16,"column":3}},"type":"if","locations":[{"start":{"line":12,"column":2},"end":{"line":16,"column":3}}]},"2":{"loc":{"start":{"line":17,"column":2},"end":{"line":33,"column":3}},"type":"if","locations":[{"start":{"line":17,"column":2},"end":{"line":33,"column":3}},{"start":{"line":31,"column":9},"end":{"line":33,"column":3}}]},"3":{"loc":{"start":{"line":17,"column":6},"end":{"line":17,"column":63}},"type":"binary-expr","locations":[{"start":{"line":17,"column":6},"end":{"line":17,"column":10}},{"start":{"line":17,"column":14},"end":{"line":17,"column":29}},{"start":{"line":17,"column":33},"end":{"line":17,"column":63}}]}},"s":{"0":2,"1":2,"2":10,"3":2,"4":2,"5":7,"6":7,"7":1,"8":1,"9":6,"10":1,"11":1,"12":1,"13":5,"14":2,"15":2,"16":3},"f":{"0":8,"1":7},"b":{"0":[1],"1":[1],"2":[2,3],"3":[5,5,4]}}
,"/Users/huangjien/workspace/writer/src/components/colors.js": {"path":"/Users/huangjien/workspace/writer/src/components/colors.js","statementMap":{"0":{"start":{"line":1,"column":0},"end":{"line":78,"column":2}}},"fnMap":{},"branchMap":{},"s":{"0":2},"f":{},"b":{},"inputSourceMap":null,"_coverageSchema":"1a1c01bbd47fc00a2c39e90264f33305004495a9","hash":"4eb7b330fe9bcaf4e96c6bf8946e74acc0a5b0ed"}
,"/Users/huangjien/workspace/writer/src/components/global.tsx": {"path":"/Users/huangjien/workspace/writer/src/components/global.tsx","statementMap":{"0":{"start":{"line":18,"column":0},"end":{"line":18,"column":16}},"1":{"start":{"line":30,"column":0},"end":{"line":30,"column":16}},"2":{"start":{"line":41,"column":0},"end":{"line":41,"column":16}},"3":{"start":{"line":46,"column":0},"end":{"line":46,"column":16}},"4":{"start":{"line":1,"column":0},"end":{"line":1,"column":44}},"5":{"start":{"line":4,"column":13},"end":{"line":4,"column":40}},"6":{"start":{"line":5,"column":13},"end":{"line":5,"column":39}},"7":{"start":{"line":6,"column":13},"end":{"line":6,"column":41}},"8":{"start":{"line":7,"column":13},"end":{"line":7,"column":40}},"9":{"start":{"line":8,"column":13},"end":{"line":8,"column":38}},"10":{"start":{"line":9,"column":13},"end":{"line":9,"column":40}},"11":{"start":{"line":10,"column":13},"end":{"line":10,"column":35}},"12":{"start":{"line":11,"column":13},"end":{"line":11,"column":42}},"13":{"start":{"line":13,"column":27},"end":{"line":16,"column":1}},"14":{"start":{"line":14,"column":2},"end":{"line":14,"column":30}},"15":{"start":{"line":15,"column":2},"end":{"line":15,"column":41}},"16":{"start":{"line":13,"column":13},"end":{"line":13,"column":27}},"17":{"start":{"line":19,"column":2},"end":{"line":27,"column":5}},"18":{"start":{"line":31,"column":2},"end":{"line":38,"column":5}},"19":{"start":{"line":42,"column":2},"end":{"line":42,"column":59}},"20":{"start":{"line":42,"column":34},"end":{"line":42,"column":57}},"21":{"start":{"line":48,"column":18},"end":{"line":48,"column":50}},"22":{"start":{"line":50,"column":18},"end":{"line":50,"column":50}},"23":{"start":{"line":53,"column":2},"end":{"line":62,"column":3}},"24":{"start":{"line":55,"column":4},"end":{"line":55,"column":14}},"25":{"start":{"line":56,"column":9},"end":{"line":62,"column":3}},"26":{"start":{"line":58,"column":4},"end":{"line":58,"column":13}},"27":{"start":{"line":61,"column":4},"end":{"line":61,"column":13}}},"fnMap":{"0":{"name":"(anonymous_1)","decl":{"start":{"line":13,"column":27},"end":{"line":13,"column":28}},"loc":{"start":{"line":13,"column":35},"end":{"line":16,"column":1}}},"1":{"name":"showErrorToast","decl":{"start":{"line":18,"column":16},"end":{"line":18,"column":30}},"loc":{"start":{"line":18,"column":46},"end":{"line":28,"column":1}}},"2":{"name":"showInfoToast","decl":{"start":{"line":30,"column":16},"end":{"line":30,"column":29}},"loc":{"start":{"line":30,"column":45},"end":{"line":39,"column":1}}},"3":{"name":"sleep","decl":{"start":{"line":41,"column":16},"end":{"line":41,"column":21}},"loc":{"start":{"line":41,"column":24},"end":{"line":43,"column":1}}},"4":{"name":"(anonymous_5)","decl":{"start":{"line":42,"column":21},"end":{"line":42,"column":22}},"loc":{"start":{"line":42,"column":34},"end":{"line":42,"column":57}}},"5":{"name":"fileNameComparator","decl":{"start":{"line":46,"column":16},"end":{"line":46,"column":34}},"loc":{"start":{"line":46,"column":49},"end":{"line":63,"column":1}}}},"branchMap":{"0":{"loc":{"start":{"line":53,"column":2},"end":{"line":62,"column":3}},"type":"if","locations":[{"start":{"line":53,"column":2},"end":{"line":62,"column":3}},{"start":{"line":56,"column":9},"end":{"line":62,"column":3}}]},"1":{"loc":{"start":{"line":56,"column":9},"end":{"line":62,"column":3}},"type":"if","locations":[{"start":{"line":56,"column":9},"end":{"line":62,"column":3}},{"start":{"line":59,"column":9},"end":{"line":62,"column":3}}]}},"s":{"0":8,"1":8,"2":8,"3":8,"4":8,"5":8,"6":8,"7":8,"8":8,"9":8,"10":8,"11":8,"12":8,"13":8,"14":3,"15":3,"16":8,"17":5,"18":2,"19":2,"20":2,"21":10,"22":10,"23":10,"24":3,"25":7,"26":2,"27":5},"f":{"0":3,"1":5,"2":2,"3":2,"4":2,"5":10},"b":{"0":[3,7],"1":[2,5]}}
,"/Users/huangjien/workspace/writer/src/components/image.tsx": {"path":"/Users/huangjien/workspace/writer/src/components/image.tsx","statementMap":{"0":{"start":{"line":2,"column":0},"end":{"line":2,"column":45}},"1":{"start":{"line":3,"column":0},"end":{"line":3,"column":40}},"2":{"start":{"line":10,"column":0},"end":{"line":10,"column":43}},"3":{"start":{"line":12,"column":21},"end":{"line":26,"column":1}},"4":{"start":{"line":18,"column":2},"end":{"line":25,"column":4}},"5":{"start":{"line":12,"column":13},"end":{"line":12,"column":21}},"6":{"start":{"line":28,"column":29},"end":{"line":30,"column":1}},"7":{"start":{"line":29,"column":2},"end":{"line":29,"column":27}},"8":{"start":{"line":28,"column":13},"end":{"line":28,"column":29}}},"fnMap":{"0":{"name":"(anonymous_0)","decl":{"start":{"line":12,"column":21},"end":{"line":12,"column":22}},"loc":{"start":{"line":17,"column":15},"end":{"line":26,"column":1}}},"1":{"name":"(anonymous_1)","decl":{"start":{"line":28,"column":29},"end":{"line":28,"column":30}},"loc":{"start":{"line":28,"column":51},"end":{"line":30,"column":1}}}},"branchMap":{"0":{"loc":{"start":{"line":15,"column":2},"end":{"line":15,"column":46}},"type":"default-arg","locations":[{"start":{"line":15,"column":16},"end":{"line":15,"column":46}}]}},"s":{"0":1,"1":1,"2":1,"3":1,"4":0,"5":1,"6":1,"7":0,"8":1},"f":{"0":0,"1":0},"b":{"0":[0]}}
,"/Users/huangjien/workspace/writer/src/hooks/use-theme-config.tsx": {"path":"/Users/huangjien/workspace/writer/src/hooks/use-theme-config.tsx","statementMap":{"0":{"start":{"line":32,"column":0},"end":{"line":32,"column":16}},"1":{"start":{"line":2,"column":0},"end":{"line":2,"column":null}},"2":{"start":{"line":6,"column":0},"end":{"line":6,"column":44}},"3":{"start":{"line":8,"column":0},"end":{"line":8,"column":41}},"4":{"start":{"line":9,"column":0},"end":{"line":9,"column":33}},"5":{"start":{"line":11,"column":25},"end":{"line":21,"column":2}},"6":{"start":{"line":23,"column":26},"end":{"line":30,"column":2}},"7":{"start":{"line":33,"column":42},"end":{"line":33,"column":58}},"8":{"start":{"line":34,"column":29},"end":{"line":35,"column":null}},"9":{"start":{"line":37,"column":36},"end":{"line":38,"column":null}},"10":{"start":{"line":41,"column":27},"end":{"line":46,"column":3}},"11":{"start":{"line":42,"column":4},"end":{"line":42,"column":30}},"12":{"start":{"line":43,"column":21},"end":{"line":43,"column":66}},"13":{"start":{"line":44,"column":4},"end":{"line":44,"column":24}},"14":{"start":{"line":45,"column":4},"end":{"line":45,"column":28}},"15":{"start":{"line":47,"column":2},"end":{"line":47,"column":48}}},"fnMap":{"0":{"name":"useThemeConfig","decl":{"start":{"line":32,"column":16},"end":{"line":32,"column":30}},"loc":{"start":{"line":32,"column":30},"end":{"line":48,"column":1}}},"1":{"name":"(anonymous_2)","decl":{"start":{"line":41,"column":27},"end":{"line":41,"column":28}},"loc":{"start":{"line":41,"column":59},"end":{"line":46,"column":3}}}},"branchMap":{"0":{"loc":{"start":{"line":35,"column":4},"end":{"line":35,"column":51}},"type":"cond-expr","locations":[{"start":{"line":35,"column":29},"end":{"line":35,"column":38}},{"start":{"line":35,"column":41},"end":{"line":35,"column":51}}]},"1":{"loc":{"start":{"line":38,"column":4},"end":{"line":38,"column":45}},"type":"cond-expr","locations":[{"start":{"line":38,"column":29},"end":{"line":38,"column":35}},{"start":{"line":38,"column":38},"end":{"line":38,"column":45}}]},"2":{"loc":{"start":{"line":43,"column":21},"end":{"line":43,"column":66}},"type":"cond-expr","locations":[{"start":{"line":43,"column":44},"end":{"line":43,"column":53}},{"start":{"line":43,"column":56},"end":{"line":43,"column":66}}]}},"s":{"0":3,"1":3,"2":3,"3":3,"4":3,"5":3,"6":3,"7":0,"8":0,"9":0,"10":0,"11":0,"12":0,"13":0,"14":0,"15":0},"f":{"0":0,"1":0},"b":{"0":[0,0],"1":[0,0],"2":[0,0]}}
,"/Users/huangjien/workspace/writer/src/hooks/useAsyncStorage.fixed.tsx": {"path":"/Users/huangjien/workspace/writer/src/hooks/useAsyncStorage.fixed.tsx","statementMap":{"0":{"start":{"line":46,"column":0},"end":{"line":46,"column":16}},"1":{"start":{"line":148,"column":0},"end":{"line":148,"column":16}},"2":{"start":{"line":1,"column":0},"end":{"line":1,"column":null}},"3":{"start":{"line":10,"column":0},"end":{"line":10,"column":69}},"4":{"start":{"line":38,"column":23},"end":{"line":38,"column":63}},"5":{"start":{"line":50,"column":32},"end":{"line":50,"column":75}},"6":{"start":{"line":51,"column":36},"end":{"line":51,"column":50}},"7":{"start":{"line":52,"column":38},"end":{"line":52,"column":49}},"8":{"start":{"line":55,"column":2},"end":{"line":72,"column":21}},"9":{"start":{"line":56,"column":31},"end":{"line":69,"column":5}},"10":{"start":{"line":57,"column":6},"end":{"line":57,"column":25}},"11":{"start":{"line":58,"column":6},"end":{"line":68,"column":7}},"12":{"start":{"line":59,"column":21},"end":{"line":59,"column":52}},"13":{"start":{"line":60,"column":23},"end":{"line":60,"column":56}},"14":{"start":{"line":61,"column":31},"end":{"line":61,"column":57}},"15":{"start":{"line":62,"column":8},"end":{"line":62,"column":35}},"16":{"start":{"line":64,"column":8},"end":{"line":64,"column":63}},"17":{"start":{"line":65,"column":8},"end":{"line":65,"column":23}},"18":{"start":{"line":67,"column":8},"end":{"line":67,"column":28}},"19":{"start":{"line":71,"column":4},"end":{"line":71,"column":25}},"20":{"start":{"line":74,"column":18},"end":{"line":88,"column":null}},"21":{"start":{"line":76,"column":6},"end":{"line":76,"column":25}},"22":{"start":{"line":77,"column":6},"end":{"line":86,"column":7}},"23":{"start":{"line":78,"column":22},"end":{"line":78,"column":53}},"24":{"start":{"line":79,"column":8},"end":{"line":79,"column":58}},"25":{"start":{"line":79,"column":30},"end":{"line":79,"column":55}},"26":{"start":{"line":80,"column":8},"end":{"line":80,"column":21}},"27":{"start":{"line":82,"column":8},"end":{"line":82,"column":52}},"28":{"start":{"line":83,"column":8},"end":{"line":83,"column":20}},"29":{"start":{"line":85,"column":8},"end":{"line":85,"column":28}},"30":{"start":{"line":91,"column":18},"end":{"line":105,"column":null}},"31":{"start":{"line":93,"column":6},"end":{"line":93,"column":25}},"32":{"start":{"line":94,"column":6},"end":{"line":103,"column":7}},"33":{"start":{"line":95,"column":8},"end":{"line":95,"column":47}},"34":{"start":{"line":96,"column":8},"end":{"line":96,"column":58}},"35":{"start":{"line":96,"column":30},"end":{"line":96,"column":55}},"36":{"start":{"line":97,"column":8},"end":{"line":97,"column":42}},"37":{"start":{"line":97,"column":32},"end":{"line":97,"column":40}},"38":{"start":{"line":99,"column":8},"end":{"line":99,"column":52}},"39":{"start":{"line":100,"column":8},"end":{"line":100,"column":20}},"40":{"start":{"line":102,"column":8},"end":{"line":102,"column":28}},"41":{"start":{"line":108,"column":21},"end":{"line":126,"column":null}},"42":{"start":{"line":110,"column":6},"end":{"line":110,"column":25}},"43":{"start":{"line":111,"column":6},"end":{"line":124,"column":7}},"44":{"start":{"line":112,"column":8},"end":{"line":112,"column":43}},"45":{"start":{"line":113,"column":8},"end":{"line":117,"column":11}},"46":{"start":{"line":114,"column":29},"end":{"line":114,"column":40}},"47":{"start":{"line":115,"column":10},"end":{"line":115,"column":33}},"48":{"start":{"line":116,"column":10},"end":{"line":116,"column":28}},"49":{"start":{"line":118,"column":8},"end":{"line":118,"column":42}},"50":{"start":{"line":118,"column":32},"end":{"line":118,"column":40}},"51":{"start":{"line":120,"column":8},"end":{"line":120,"column":53}},"52":{"start":{"line":121,"column":8},"end":{"line":121,"column":20}},"53":{"start":{"line":123,"column":8},"end":{"line":123,"column":28}},"54":{"start":{"line":129,"column":40},"end":{"line":135,"column":null}},"55":{"start":{"line":130,"column":11},"end":{"line":134,"column":6}},"56":{"start":{"line":138,"column":30},"end":{"line":140,"column":null}},"57":{"start":{"line":139,"column":10},"end":{"line":139,"column":54}},"58":{"start":{"line":143,"column":2},"end":{"line":145,"column":4}},"59":{"start":{"line":149,"column":18},"end":{"line":149,"column":44}},"60":{"start":{"line":150,"column":2},"end":{"line":154,"column":3}},"61":{"start":{"line":151,"column":4},"end":{"line":153,"column":6}},"62":{"start":{"line":155,"column":2},"end":{"line":155,"column":17}}},"fnMap":{"0":{"name":"AsyncStorageProvider","decl":{"start":{"line":46,"column":16},"end":{"line":46,"column":36}},"loc":{"start":{"line":49,"column":28},"end":{"line":146,"column":1}}},"1":{"name":"(anonymous_2)","decl":{"start":{"line":55,"column":12},"end":{"line":55,"column":15}},"loc":{"start":{"line":55,"column":17},"end":{"line":72,"column":3}}},"2":{"name":"(anonymous_3)","decl":{"start":{"line":56,"column":31},"end":{"line":56,"column":36}},"loc":{"start":{"line":56,"column":42},"end":{"line":69,"column":5}}},"3":{"name":"(anonymous_4)","decl":{"start":{"line":75,"column":4},"end":{"line":75,"column":9}},"loc":{"start":{"line":75,"column":50},"end":{"line":87,"column":5}}},"4":{"name":"(anonymous_5)","decl":{"start":{"line":79,"column":19},"end":{"line":79,"column":20}},"loc":{"start":{"line":79,"column":30},"end":{"line":79,"column":55}}},"5":{"name":"(anonymous_6)","decl":{"start":{"line":92,"column":4},"end":{"line":92,"column":9}},"loc":{"start":{"line":92,"column":56},"end":{"line":104,"column":5}}},"6":{"name":"(anonymous_7)","decl":{"start":{"line":96,"column":19},"end":{"line":96,"column":20}},"loc":{"start":{"line":96,"column":30},"end":{"line":96,"column":55}}},"7":{"name":"(anonymous_8)","decl":{"start":{"line":97,"column":22},"end":{"line":97,"column":23}},"loc":{"start":{"line":97,"column":32},"end":{"line":97,"column":40}}},"8":{"name":"(anonymous_9)","decl":{"start":{"line":109,"column":4},"end":{"line":109,"column":9}},"loc":{"start":{"line":109,"column":41},"end":{"line":125,"column":5}}},"9":{"name":"(anonymous_10)","decl":{"start":{"line":113,"column":19},"end":{"line":113,"column":20}},"loc":{"start":{"line":113,"column":28},"end":{"line":117,"column":9}}},"10":{"name":"(anonymous_11)","decl":{"start":{"line":118,"column":22},"end":{"line":118,"column":23}},"loc":{"start":{"line":118,"column":32},"end":{"line":118,"column":40}}},"11":{"name":"(anonymous_12)","decl":{"start":{"line":130,"column":4},"end":{"line":130,"column":7}},"loc":{"start":{"line":130,"column":11},"end":{"line":134,"column":6}}},"12":{"name":"(anonymous_13)","decl":{"start":{"line":139,"column":4},"end":{"line":139,"column":7}},"loc":{"start":{"line":139,"column":10},"end":{"line":139,"column":54}}},"13":{"name":"useAsyncStorage","decl":{"start":{"line":148,"column":16},"end":{"line":148,"column":31}},"loc":{"start":{"line":148,"column":31},"end":{"line":156,"column":1}}}},"branchMap":{"0":{"loc":{"start":{"line":48,"column":2},"end":{"line":48,"column":29}},"type":"default-arg","locations":[{"start":{"line":48,"column":17},"end":{"line":48,"column":29}}]},"1":{"loc":{"start":{"line":150,"column":2},"end":{"line":154,"column":3}},"type":"if","locations":[{"start":{"line":150,"column":2},"end":{"line":154,"column":3}}]}},"s":{"0":2,"1":2,"2":2,"3":2,"4":2,"5":0,"6":0,"7":0,"8":0,"9":0,"10":0,"11":0,"12":0,"13":0,"14":0,"15":0,"16":0,"17":0,"18":0,"19":0,"20":0,"21":0,"22":0,"23":0,"24":0,"25":0,"26":0,"27":0,"28":0,"29":0,"30":0,"31":0,"32":0,"33":0,"34":0,"35":0,"36":0,"37":0,"38":0,"39":0,"40":0,"41":0,"42":0,"43":0,"44":0,"45":0,"46":0,"47":0,"48":0,"49":0,"50":0,"51":0,"52":0,"53":0,"54":0,"55":0,"56":0,"57":0,"58":0,"59":0,"60":0,"61":0,"62":0},"f":{"0":0,"1":0,"2":0,"3":0,"4":0,"5":0,"6":0,"7":0,"8":0,"9":0,"10":0,"11":0,"12":0,"13":0},"b":{"0":[0],"1":[0]}}
,"/Users/huangjien/workspace/writer/src/hooks/useAsyncStorage.tsx": {"path":"/Users/huangjien/workspace/writer/src/hooks/useAsyncStorage.tsx","statementMap":{"0":{"start":{"line":122,"column":0},"end":{"line":122,"column":16}},"1":{"start":{"line":213,"column":0},"end":{"line":213,"column":16}},"2":{"start":{"line":1,"column":0},"end":{"line":1,"column":null}},"3":{"start":{"line":10,"column":0},"end":{"line":10,"column":69}},"4":{"start":{"line":39,"column":51},"end":{"line":39,"column":53}},"5":{"start":{"line":40,"column":22},"end":{"line":40,"column":27}},"6":{"start":{"line":41,"column":23},"end":{"line":41,"column":24}},"7":{"start":{"line":45,"column":4},"end":{"line":45,"column":37}},"8":{"start":{"line":49,"column":4},"end":{"line":57,"column":5}},"9":{"start":{"line":50,"column":19},"end":{"line":50,"column":55}},"10":{"start":{"line":51,"column":21},"end":{"line":51,"column":59}},"11":{"start":{"line":52,"column":6},"end":{"line":52,"column":48}},"12":{"start":{"line":53,"column":6},"end":{"line":53,"column":26}},"13":{"start":{"line":55,"column":6},"end":{"line":55,"column":61}},"14":{"start":{"line":56,"column":6},"end":{"line":56,"column":16}},"15":{"start":{"line":61,"column":4},"end":{"line":68,"column":5}},"16":{"start":{"line":62,"column":20},"end":{"line":62,"column":56}},"17":{"start":{"line":63,"column":6},"end":{"line":63,"column":55}},"18":{"start":{"line":64,"column":6},"end":{"line":64,"column":19}},"19":{"start":{"line":66,"column":6},"end":{"line":66,"column":50}},"20":{"start":{"line":67,"column":6},"end":{"line":67,"column":18}},"21":{"start":{"line":72,"column":4},"end":{"line":79,"column":5}},"22":{"start":{"line":73,"column":6},"end":{"line":73,"column":50}},"23":{"start":{"line":74,"column":6},"end":{"line":74,"column":55}},"24":{"start":{"line":75,"column":6},"end":{"line":75,"column":27}},"25":{"start":{"line":77,"column":6},"end":{"line":77,"column":50}},"26":{"start":{"line":78,"column":6},"end":{"line":78,"column":18}},"27":{"start":{"line":83,"column":4},"end":{"line":92,"column":5}},"28":{"start":{"line":84,"column":6},"end":{"line":84,"column":46}},"29":{"start":{"line":85,"column":25},"end":{"line":85,"column":44}},"30":{"start":{"line":86,"column":6},"end":{"line":86,"column":29}},"31":{"start":{"line":87,"column":6},"end":{"line":87,"column":32}},"32":{"start":{"line":88,"column":6},"end":{"line":88,"column":27}},"33":{"start":{"line":90,"column":6},"end":{"line":90,"column":51}},"34":{"start":{"line":91,"column":6},"end":{"line":91,"column":18}},"35":{"start":{"line":96,"column":4},"end":{"line":96,"column":24}},"36":{"start":{"line":100,"column":4},"end":{"line":100,"column":27}},"37":{"start":{"line":104,"column":4},"end":{"line":104,"column":27}},"38":{"start":{"line":108,"column":4},"end":{"line":108,"column":28}},"39":{"start":{"line":224,"column":9},"end":{"line":224,"column":23}},"40":{"start":{"line":113,"column":23},"end":{"line":113,"column":63}},"41":{"start":{"line":127,"column":32},"end":{"line":127,"column":75}},"42":{"start":{"line":128,"column":36},"end":{"line":128,"column":50}},"43":{"start":{"line":129,"column":38},"end":{"line":129,"column":49}},"44":{"start":{"line":132,"column":25},"end":{"line":134,"column":null}},"45":{"start":{"line":133,"column":10},"end":{"line":133,"column":68}},"46":{"start":{"line":137,"column":2},"end":{"line":150,"column":23}},"47":{"start":{"line":138,"column":31},"end":{"line":147,"column":5}},"48":{"start":{"line":139,"column":6},"end":{"line":139,"column":25}},"49":{"start":{"line":140,"column":6},"end":{"line":146,"column":7}},"50":{"start":{"line":141,"column":31},"end":{"line":141,"column":64}},"51":{"start":{"line":142,"column":8},"end":{"line":142,"column":35}},"52":{"start":{"line":143,"column":8},"end":{"line":143,"column":54}},"53":{"start":{"line":145,"column":8},"end":{"line":145,"column":28}},"54":{"start":{"line":149,"column":4},"end":{"line":149,"column":25}},"55":{"start":{"line":152,"column":18},"end":{"line":163,"column":null}},"56":{"start":{"line":154,"column":6},"end":{"line":154,"column":25}},"57":{"start":{"line":155,"column":6},"end":{"line":161,"column":7}},"58":{"start":{"line":156,"column":22},"end":{"line":156,"column":55}},"59":{"start":{"line":157,"column":8},"end":{"line":157,"column":48}},"60":{"start":{"line":158,"column":8},"end":{"line":158,"column":21}},"61":{"start":{"line":160,"column":8},"end":{"line":160,"column":28}},"62":{"start":{"line":166,"column":18},"end":{"line":177,"column":null}},"63":{"start":{"line":168,"column":6},"end":{"line":168,"column":25}},"64":{"start":{"line":169,"column":6},"end":{"line":175,"column":7}},"65":{"start":{"line":170,"column":8},"end":{"line":170,"column":49}},"66":{"start":{"line":171,"column":8},"end":{"line":171,"column":48}},"67":{"start":{"line":172,"column":8},"end":{"line":172,"column":54}},"68":{"start":{"line":174,"column":8},"end":{"line":174,"column":28}},"69":{"start":{"line":180,"column":21},"end":{"line":191,"column":null}},"70":{"start":{"line":182,"column":6},"end":{"line":182,"column":25}},"71":{"start":{"line":183,"column":6},"end":{"line":189,"column":7}},"72":{"start":{"line":184,"column":8},"end":{"line":184,"column":45}},"73":{"start":{"line":185,"column":8},"end":{"line":185,"column":48}},"74":{"start":{"line":186,"column":8},"end":{"line":186,"column":54}},"75":{"start":{"line":188,"column":8},"end":{"line":188,"column":28}},"76":{"start":{"line":194,"column":40},"end":{"line":200,"column":null}},"77":{"start":{"line":195,"column":11},"end":{"line":199,"column":6}},"78":{"start":{"line":203,"column":16},"end":{"line":205,"column":null}},"79":{"start":{"line":204,"column":10},"end":{"line":204,"column":54}},"80":{"start":{"line":208,"column":2},"end":{"line":210,"column":4}},"81":{"start":{"line":214,"column":18},"end":{"line":214,"column":44}},"82":{"start":{"line":215,"column":2},"end":{"line":219,"column":3}},"83":{"start":{"line":216,"column":4},"end":{"line":218,"column":6}},"84":{"start":{"line":220,"column":2},"end":{"line":220,"column":17}}},"fnMap":{"0":{"name":"(anonymous_1)","decl":{"start":{"line":44,"column":2},"end":{"line":44,"column":14}},"loc":{"start":{"line":44,"column":56},"end":{"line":46,"column":3}}},"1":{"name":"(anonymous_2)","decl":{"start":{"line":48,"column":2},"end":{"line":48,"column":7}},"loc":{"start":{"line":48,"column":18},"end":{"line":58,"column":3}}},"2":{"name":"(anonymous_3)","decl":{"start":{"line":60,"column":2},"end":{"line":60,"column":7}},"loc":{"start":{"line":60,"column":27},"end":{"line":69,"column":3}}},"3":{"name":"(anonymous_4)","decl":{"start":{"line":71,"column":2},"end":{"line":71,"column":7}},"loc":{"start":{"line":71,"column":42},"end":{"line":80,"column":3}}},"4":{"name":"(anonymous_5)","decl":{"start":{"line":82,"column":2},"end":{"line":82,"column":7}},"loc":{"start":{"line":82,"column":30},"end":{"line":93,"column":3}}},"5":{"name":"(anonymous_6)","decl":{"start":{"line":95,"column":2},"end":{"line":95,"column":12}},"loc":{"start":{"line":95,"column":12},"end":{"line":97,"column":3}}},"6":{"name":"(anonymous_7)","decl":{"start":{"line":99,"column":2},"end":{"line":99,"column":15}},"loc":{"start":{"line":99,"column":15},"end":{"line":101,"column":3}}},"7":{"name":"(anonymous_8)","decl":{"start":{"line":103,"column":2},"end":{"line":103,"column":12}},"loc":{"start":{"line":103,"column":51},"end":{"line":105,"column":3}}},"8":{"name":"(anonymous_9)","decl":{"start":{"line":107,"column":2},"end":{"line":107,"column":15}},"loc":{"start":{"line":107,"column":29},"end":{"line":109,"column":3}}},"9":{"name":"AsyncStorageProvider","decl":{"start":{"line":122,"column":16},"end":{"line":122,"column":36}},"loc":{"start":{"line":126,"column":28},"end":{"line":211,"column":1}}},"10":{"name":"(anonymous_11)","decl":{"start":{"line":133,"column":4},"end":{"line":133,"column":7}},"loc":{"start":{"line":133,"column":10},"end":{"line":133,"column":68}}},"11":{"name":"(anonymous_12)","decl":{"start":{"line":137,"column":12},"end":{"line":137,"column":15}},"loc":{"start":{"line":137,"column":17},"end":{"line":150,"column":3}}},"12":{"name":"(anonymous_13)","decl":{"start":{"line":138,"column":31},"end":{"line":138,"column":36}},"loc":{"start":{"line":138,"column":42},"end":{"line":147,"column":5}}},"13":{"name":"(anonymous_14)","decl":{"start":{"line":153,"column":4},"end":{"line":153,"column":9}},"loc":{"start":{"line":153,"column":50},"end":{"line":162,"column":5}}},"14":{"name":"(anonymous_15)","decl":{"start":{"line":167,"column":4},"end":{"line":167,"column":9}},"loc":{"start":{"line":167,"column":56},"end":{"line":176,"column":5}}},"15":{"name":"(anonymous_16)","decl":{"start":{"line":181,"column":4},"end":{"line":181,"column":9}},"loc":{"start":{"line":181,"column":41},"end":{"line":190,"column":5}}},"16":{"name":"(anonymous_17)","decl":{"start":{"line":195,"column":4},"end":{"line":195,"column":7}},"loc":{"start":{"line":195,"column":11},"end":{"line":199,"column":6}}},"17":{"name":"(anonymous_18)","decl":{"start":{"line":204,"column":4},"end":{"line":204,"column":7}},"loc":{"start":{"line":204,"column":10},"end":{"line":204,"column":54}}},"18":{"name":"useAsyncStorage","decl":{"start":{"line":213,"column":16},"end":{"line":213,"column":31}},"loc":{"start":{"line":213,"column":31},"end":{"line":221,"column":1}}}},"branchMap":{"0":{"loc":{"start":{"line":44,"column":14},"end":{"line":44,"column":56}},"type":"default-arg","locations":[{"start":{"line":44,"column":44},"end":{"line":44,"column":56}}]},"1":{"loc":{"start":{"line":133,"column":10},"end":{"line":133,"column":68}},"type":"binary-expr","locations":[{"start":{"line":133,"column":10},"end":{"line":133,"column":32}},{"start":{"line":133,"column":36},"end":{"line":133,"column":68}}]},"2":{"loc":{"start":{"line":215,"column":2},"end":{"line":219,"column":3}},"type":"if","locations":[{"start":{"line":215,"column":2},"end":{"line":219,"column":3}}]}},"s":{"0":16,"1":16,"2":16,"3":16,"4":2,"5":2,"6":2,"7":2,"8":1,"9":1,"10":1,"11":1,"12":1,"13":0,"14":0,"15":1,"16":1,"17":1,"18":1,"19":0,"20":0,"21":1,"22":1,"23":1,"24":1,"25":0,"26":0,"27":1,"28":1,"29":1,"30":1,"31":1,"32":1,"33":0,"34":0,"35":4,"36":4,"37":1,"38":1,"39":16,"40":16,"41":0,"42":0,"43":0,"44":0,"45":0,"46":0,"47":0,"48":0,"49":0,"50":0,"51":0,"52":0,"53":0,"54":0,"55":0,"56":0,"57":0,"58":0,"59":0,"60":0,"61":0,"62":0,"63":0,"64":0,"65":0,"66":0,"67":0,"68":0,"69":0,"70":0,"71":0,"72":0,"73":0,"74":0,"75":0,"76":0,"77":0,"78":0,"79":0,"80":0,"81":4,"82":0,"83":0,"84":0},"f":{"0":2,"1":1,"2":1,"3":1,"4":1,"5":4,"6":4,"7":1,"8":1,"9":0,"10":0,"11":0,"12":0,"13":0,"14":0,"15":0,"16":0,"17":0,"18":4},"b":{"0":[0],"1":[0,0],"2":[0]}}
,"/Users/huangjien/workspace/writer/src/hooks/useAuthentication.ts": {"path":"/Users/huangjien/workspace/writer/src/hooks/useAuthentication.ts","statementMap":{"0":{"start":{"line":1,"column":0},"end":{"line":1,"column":65}},"1":{"start":{"line":2,"column":0},"end":{"line":2,"column":58}},"2":{"start":{"line":3,"column":0},"end":{"line":3,"column":null}},"3":{"start":{"line":8,"column":0},"end":{"line":8,"column":null}},"4":{"start":{"line":13,"column":0},"end":{"line":13,"column":74}},"5":{"start":{"line":25,"column":33},"end":{"line":144,"column":1}},"6":{"start":{"line":26,"column":36},"end":{"line":29,"column":4}},"7":{"start":{"line":30,"column":46},"end":{"line":30,"column":61}},"8":{"start":{"line":31,"column":30},"end":{"line":31,"column":43}},"9":{"start":{"line":34,"column":4},"end":{"line":34,"column":21}},"10":{"start":{"line":37,"column":21},"end":{"line":37,"column":36}},"11":{"start":{"line":38,"column":21},"end":{"line":38,"column":36}},"12":{"start":{"line":41,"column":2},"end":{"line":44,"column":25}},"13":{"start":{"line":42,"column":4},"end":{"line":42,"column":33}},"14":{"start":{"line":43,"column":4},"end":{"line":43,"column":33}},"15":{"start":{"line":49,"column":25},"end":{"line":72,"column":8}},"16":{"start":{"line":50,"column":4},"end":{"line":50,"column":28}},"17":{"start":{"line":52,"column":4},"end":{"line":71,"column":5}},"18":{"start":{"line":54,"column":6},"end":{"line":54,"column":36}},"19":{"start":{"line":57,"column":6},"end":{"line":57,"column":37}},"20":{"start":{"line":60,"column":35},"end":{"line":60,"column":65}},"21":{"start":{"line":61,"column":6},"end":{"line":61,"column":66}},"22":{"start":{"line":61,"column":30},"end":{"line":61,"column":63}},"23":{"start":{"line":64,"column":6},"end":{"line":64,"column":31}},"24":{"start":{"line":65,"column":6},"end":{"line":65,"column":35}},"25":{"start":{"line":67,"column":6},"end":{"line":67,"column":68}},"26":{"start":{"line":68,"column":6},"end":{"line":68,"column":62}},"27":{"start":{"line":70,"column":6},"end":{"line":70,"column":31}},"28":{"start":{"line":77,"column":31},"end":{"line":97,"column":8}},"29":{"start":{"line":78,"column":4},"end":{"line":78,"column":44}},"30":{"start":{"line":78,"column":37},"end":{"line":78,"column":44}},"31":{"start":{"line":80,"column":4},"end":{"line":80,"column":39}},"32":{"start":{"line":81,"column":4},"end":{"line":96,"column":5}},"33":{"start":{"line":82,"column":22},"end":{"line":84,"column":null}},"34":{"start":{"line":86,"column":6},"end":{"line":90,"column":10}},"35":{"start":{"line":86,"column":30},"end":{"line":90,"column":8}},"36":{"start":{"line":92,"column":6},"end":{"line":92,"column":63}},"37":{"start":{"line":93,"column":6},"end":{"line":93,"column":68}},"38":{"start":{"line":93,"column":30},"end":{"line":93,"column":65}},"39":{"start":{"line":95,"column":6},"end":{"line":95,"column":42}},"40":{"start":{"line":102,"column":2},"end":{"line":136,"column":35}},"41":{"start":{"line":103,"column":4},"end":{"line":103,"column":77}},"42":{"start":{"line":103,"column":70},"end":{"line":103,"column":77}},"43":{"start":{"line":105,"column":28},"end":{"line":133,"column":5}},"44":{"start":{"line":106,"column":6},"end":{"line":132,"column":7}},"45":{"start":{"line":107,"column":23},"end":{"line":107,"column":57}},"46":{"start":{"line":108,"column":8},"end":{"line":129,"column":9}},"47":{"start":{"line":110,"column":10},"end":{"line":128,"column":11}},"48":{"start":{"line":111,"column":12},"end":{"line":111,"column":47}},"49":{"start":{"line":112,"column":12},"end":{"line":127,"column":13}},"50":{"start":{"line":113,"column":30},"end":{"line":115,"column":null}},"51":{"start":{"line":117,"column":14},"end":{"line":121,"column":18}},"52":{"start":{"line":117,"column":38},"end":{"line":121,"column":16}},"53":{"start":{"line":123,"column":14},"end":{"line":123,"column":71}},"54":{"start":{"line":124,"column":14},"end":{"line":124,"column":76}},"55":{"start":{"line":124,"column":38},"end":{"line":124,"column":73}},"56":{"start":{"line":126,"column":14},"end":{"line":126,"column":50}},"57":{"start":{"line":131,"column":8},"end":{"line":131,"column":61}},"58":{"start":{"line":135,"column":4},"end":{"line":135,"column":22}},"59":{"start":{"line":138,"column":2},"end":{"line":143,"column":4}},"60":{"start":{"line":25,"column":13},"end":{"line":25,"column":33}}},"fnMap":{"0":{"name":"(anonymous_0)","decl":{"start":{"line":25,"column":33},"end":{"line":25,"column":61}},"loc":{"start":{"line":25,"column":63},"end":{"line":144,"column":1}}},"1":{"name":"(anonymous_1)","decl":{"start":{"line":41,"column":12},"end":{"line":41,"column":15}},"loc":{"start":{"line":41,"column":17},"end":{"line":44,"column":3}}},"2":{"name":"(anonymous_2)","decl":{"start":{"line":49,"column":37},"end":{"line":49,"column":42}},"loc":{"start":{"line":49,"column":63},"end":{"line":72,"column":3}}},"3":{"name":"(anonymous_3)","decl":{"start":{"line":61,"column":19},"end":{"line":61,"column":20}},"loc":{"start":{"line":61,"column":30},"end":{"line":61,"column":63}}},"4":{"name":"(anonymous_4)","decl":{"start":{"line":77,"column":43},"end":{"line":77,"column":48}},"loc":{"start":{"line":77,"column":69},"end":{"line":97,"column":3}}},"5":{"name":"(anonymous_5)","decl":{"start":{"line":86,"column":19},"end":{"line":86,"column":20}},"loc":{"start":{"line":86,"column":30},"end":{"line":90,"column":8}}},"6":{"name":"(anonymous_6)","decl":{"start":{"line":93,"column":19},"end":{"line":93,"column":20}},"loc":{"start":{"line":93,"column":30},"end":{"line":93,"column":65}}},"7":{"name":"(anonymous_7)","decl":{"start":{"line":102,"column":12},"end":{"line":102,"column":15}},"loc":{"start":{"line":102,"column":17},"end":{"line":136,"column":3}}},"8":{"name":"(anonymous_8)","decl":{"start":{"line":105,"column":28},"end":{"line":105,"column":33}},"loc":{"start":{"line":105,"column":39},"end":{"line":133,"column":5}}},"9":{"name":"(anonymous_9)","decl":{"start":{"line":117,"column":27},"end":{"line":117,"column":28}},"loc":{"start":{"line":117,"column":38},"end":{"line":121,"column":16}}},"10":{"name":"(anonymous_10)","decl":{"start":{"line":124,"column":27},"end":{"line":124,"column":28}},"loc":{"start":{"line":124,"column":38},"end":{"line":124,"column":73}}}},"branchMap":{"0":{"loc":{"start":{"line":78,"column":4},"end":{"line":78,"column":44}},"type":"if","locations":[{"start":{"line":78,"column":4},"end":{"line":78,"column":44}}]},"1":{"loc":{"start":{"line":89,"column":16},"end":{"line":89,"column":58}},"type":"cond-expr","locations":[{"start":{"line":89,"column":26},"end":{"line":89,"column":46}},{"start":{"line":89,"column":49},"end":{"line":89,"column":58}}]},"2":{"loc":{"start":{"line":103,"column":4},"end":{"line":103,"column":77}},"type":"if","locations":[{"start":{"line":103,"column":4},"end":{"line":103,"column":77}}]},"3":{"loc":{"start":{"line":103,"column":8},"end":{"line":103,"column":68}},"type":"binary-expr","locations":[{"start":{"line":103,"column":8},"end":{"line":103,"column":19}},{"start":{"line":103,"column":23},"end":{"line":103,"column":37}},{"start":{"line":103,"column":41},"end":{"line":103,"column":68}}]},"4":{"loc":{"start":{"line":108,"column":8},"end":{"line":129,"column":9}},"type":"if","locations":[{"start":{"line":108,"column":8},"end":{"line":129,"column":9}}]},"5":{"loc":{"start":{"line":108,"column":12},"end":{"line":108,"column":52}},"type":"binary-expr","locations":[{"start":{"line":108,"column":12},"end":{"line":108,"column":19}},{"start":{"line":108,"column":23},"end":{"line":108,"column":52}}]},"6":{"loc":{"start":{"line":110,"column":10},"end":{"line":128,"column":11}},"type":"if","locations":[{"start":{"line":110,"column":10},"end":{"line":128,"column":11}}]},"7":{"loc":{"start":{"line":120,"column":24},"end":{"line":120,"column":66}},"type":"cond-expr","locations":[{"start":{"line":120,"column":34},"end":{"line":120,"column":54}},{"start":{"line":120,"column":57},"end":{"line":120,"column":66}}]}},"s":{"0":1,"1":1,"2":1,"3":1,"4":1,"5":1,"6":0,"7":0,"8":0,"9":0,"10":0,"11":0,"12":0,"13":0,"14":0,"15":0,"16":0,"17":0,"18":0,"19":0,"20":0,"21":0,"22":0,"23":0,"24":0,"25":0,"26":0,"27":0,"28":0,"29":0,"30":0,"31":0,"32":0,"33":0,"34":0,"35":0,"36":0,"37":0,"38":0,"39":0,"40":0,"41":0,"42":0,"43":0,"44":0,"45":0,"46":0,"47":0,"48":0,"49":0,"50":0,"51":0,"52":0,"53":0,"54":0,"55":0,"56":0,"57":0,"58":0,"59":0,"60":1},"f":{"0":0,"1":0,"2":0,"3":0,"4":0,"5":0,"6":0,"7":0,"8":0,"9":0,"10":0},"b":{"0":[0],"1":[0,0],"2":[0],"3":[0,0,0],"4":[0],"5":[0,0],"6":[0],"7":[0,0]}}
,"/Users/huangjien/workspace/writer/src/hooks/useReading.ts": {"path":"/Users/huangjien/workspace/writer/src/hooks/useReading.ts","statementMap":{"0":{"start":{"line":13,"column":0},"end":{"line":13,"column":16}},"1":{"start":{"line":1,"column":0},"end":{"line":1,"column":44}},"2":{"start":{"line":2,"column":0},"end":{"line":2,"column":51}},"3":{"start":{"line":3,"column":0},"end":{"line":3,"column":56}},"4":{"start":{"line":4,"column":0},"end":{"line":4,"column":58}},"5":{"start":{"line":5,"column":0},"end":{"line":5,"column":null}},"6":{"start":{"line":15,"column":4},"end":{"line":15,"column":21}},"7":{"start":{"line":16,"column":32},"end":{"line":16,"column":72}},"8":{"start":{"line":17,"column":34},"end":{"line":17,"column":78}},"9":{"start":{"line":18,"column":32},"end":{"line":18,"column":71}},"10":{"start":{"line":19,"column":26},"end":{"line":19,"column":65}},"11":{"start":{"line":20,"column":19},"end":{"line":20,"column":41}},"12":{"start":{"line":21,"column":32},"end":{"line":21,"column":46}},"13":{"start":{"line":22,"column":34},"end":{"line":22,"column":45}},"14":{"start":{"line":23,"column":44},"end":{"line":23,"column":58}},"15":{"start":{"line":24,"column":34},"end":{"line":24,"column":46}},"16":{"start":{"line":25,"column":20},"end":{"line":25,"column":34}},"17":{"start":{"line":28,"column":2},"end":{"line":47,"column":19}},"18":{"start":{"line":29,"column":4},"end":{"line":46,"column":9}},"19":{"start":{"line":31,"column":8},"end":{"line":31,"column":31}},"20":{"start":{"line":34,"column":8},"end":{"line":38,"column":9}},"21":{"start":{"line":35,"column":10},"end":{"line":35,"column":76}},"22":{"start":{"line":36,"column":10},"end":{"line":36,"column":75}},"23":{"start":{"line":37,"column":10},"end":{"line":37,"column":17}},"24":{"start":{"line":39,"column":8},"end":{"line":45,"column":9}},"25":{"start":{"line":40,"column":10},"end":{"line":44,"column":11}},"26":{"start":{"line":41,"column":12},"end":{"line":41,"column":28}},"27":{"start":{"line":43,"column":12},"end":{"line":43,"column":39}},"28":{"start":{"line":50,"column":2},"end":{"line":103,"column":13}},"29":{"start":{"line":51,"column":4},"end":{"line":74,"column":5}},"30":{"start":{"line":53,"column":6},"end":{"line":73,"column":11}},"31":{"start":{"line":55,"column":10},"end":{"line":55,"column":33}},"32":{"start":{"line":58,"column":10},"end":{"line":72,"column":11}},"33":{"start":{"line":59,"column":12},"end":{"line":71,"column":13}},"34":{"start":{"line":60,"column":14},"end":{"line":60,"column":42}},"35":{"start":{"line":61,"column":37},"end":{"line":61,"column":76}},"36":{"start":{"line":62,"column":14},"end":{"line":62,"column":42}},"37":{"start":{"line":63,"column":14},"end":{"line":63,"column":38}},"38":{"start":{"line":65,"column":14},"end":{"line":67,"column":16}},"39":{"start":{"line":68,"column":14},"end":{"line":70,"column":16}},"40":{"start":{"line":75,"column":4},"end":{"line":102,"column":5}},"41":{"start":{"line":76,"column":6},"end":{"line":76,"column":23}},"42":{"start":{"line":77,"column":6},"end":{"line":101,"column":11}},"43":{"start":{"line":79,"column":10},"end":{"line":79,"column":33}},"44":{"start":{"line":82,"column":10},"end":{"line":100,"column":11}},"45":{"start":{"line":84,"column":48},"end":{"line":84,"column":72}},"46":{"start":{"line":86,"column":12},"end":{"line":96,"column":13}},"47":{"start":{"line":88,"column":37},"end":{"line":88,"column":76}},"48":{"start":{"line":89,"column":14},"end":{"line":89,"column":42}},"49":{"start":{"line":90,"column":14},"end":{"line":90,"column":38}},"50":{"start":{"line":93,"column":14},"end":{"line":93,"column":29}},"51":{"start":{"line":94,"column":14},"end":{"line":94,"column":38}},"52":{"start":{"line":95,"column":14},"end":{"line":95,"column":35}},"53":{"start":{"line":98,"column":12},"end":{"line":98,"column":35}},"54":{"start":{"line":99,"column":12},"end":{"line":99,"column":56}},"55":{"start":{"line":106,"column":2},"end":{"line":110,"column":27}},"56":{"start":{"line":107,"column":4},"end":{"line":109,"column":5}},"57":{"start":{"line":108,"column":6},"end":{"line":108,"column":26}},"58":{"start":{"line":113,"column":2},"end":{"line":131,"column":32}},"59":{"start":{"line":114,"column":4},"end":{"line":116,"column":5}},"60":{"start":{"line":115,"column":6},"end":{"line":115,"column":13}},"61":{"start":{"line":118,"column":4},"end":{"line":130,"column":9}},"62":{"start":{"line":120,"column":8},"end":{"line":120,"column":31}},"63":{"start":{"line":123,"column":8},"end":{"line":126,"column":9}},"64":{"start":{"line":124,"column":10},"end":{"line":124,"column":38}},"65":{"start":{"line":125,"column":10},"end":{"line":125,"column":61}},"66":{"start":{"line":129,"column":8},"end":{"line":129,"column":67}},"67":{"start":{"line":133,"column":28},"end":{"line":173,"column":3}},"68":{"start":{"line":134,"column":4},"end":{"line":134,"column":25}},"69":{"start":{"line":134,"column":18},"end":{"line":134,"column":25}},"70":{"start":{"line":137,"column":4},"end":{"line":143,"column":7}},"71":{"start":{"line":138,"column":6},"end":{"line":141,"column":7}},"72":{"start":{"line":139,"column":8},"end":{"line":139,"column":75}},"73":{"start":{"line":140,"column":8},"end":{"line":140,"column":15}},"74":{"start":{"line":142,"column":6},"end":{"line":142,"column":46}},"75":{"start":{"line":146,"column":4},"end":{"line":154,"column":6}},"76":{"start":{"line":148,"column":8},"end":{"line":151,"column":9}},"77":{"start":{"line":149,"column":10},"end":{"line":149,"column":33}},"78":{"start":{"line":150,"column":10},"end":{"line":150,"column":17}},"79":{"start":{"line":152,"column":8},"end":{"line":152,"column":49}},"80":{"start":{"line":157,"column":4},"end":{"line":172,"column":7}},"81":{"start":{"line":158,"column":6},"end":{"line":158,"column":24}},"82":{"start":{"line":158,"column":17},"end":{"line":158,"column":24}},"83":{"start":{"line":159,"column":22},"end":{"line":159,"column":38}},"84":{"start":{"line":160,"column":20},"end":{"line":161,"column":null}},"85":{"start":{"line":161,"column":18},"end":{"line":161,"column":78}},"86":{"start":{"line":163,"column":6},"end":{"line":163,"column":31}},"87":{"start":{"line":163,"column":24},"end":{"line":163,"column":31}},"88":{"start":{"line":164,"column":19},"end":{"line":164,"column":71}},"89":{"start":{"line":166,"column":8},"end":{"line":166,"column":77}},"90":{"start":{"line":168,"column":6},"end":{"line":169,"column":33}},"91":{"start":{"line":168,"column":16},"end":{"line":168,"column":47}},"92":{"start":{"line":169,"column":11},"end":{"line":169,"column":33}},"93":{"start":{"line":170,"column":6},"end":{"line":171,"column":30}},"94":{"start":{"line":170,"column":16},"end":{"line":170,"column":44}},"95":{"start":{"line":171,"column":11},"end":{"line":171,"column":30}},"96":{"start":{"line":175,"column":33},"end":{"line":179,"column":3}},"97":{"start":{"line":176,"column":4},"end":{"line":176,"column":28}},"98":{"start":{"line":176,"column":18},"end":{"line":176,"column":28}},"99":{"start":{"line":177,"column":35},"end":{"line":177,"column":72}},"100":{"start":{"line":178,"column":4},"end":{"line":178,"column":45}},"101":{"start":{"line":181,"column":2},"end":{"line":192,"column":4}}},"fnMap":{"0":{"name":"useReading","decl":{"start":{"line":13,"column":16},"end":{"line":13,"column":26}},"loc":{"start":{"line":13,"column":26},"end":{"line":193,"column":1}}},"1":{"name":"(anonymous_1)","decl":{"start":{"line":28,"column":12},"end":{"line":28,"column":15}},"loc":{"start":{"line":28,"column":17},"end":{"line":47,"column":3}}},"2":{"name":"(anonymous_2)","decl":{"start":{"line":30,"column":12},"end":{"line":30,"column":13}},"loc":{"start":{"line":30,"column":20},"end":{"line":32,"column":7}}},"3":{"name":"(anonymous_3)","decl":{"start":{"line":33,"column":12},"end":{"line":33,"column":13}},"loc":{"start":{"line":33,"column":21},"end":{"line":46,"column":7}}},"4":{"name":"(anonymous_4)","decl":{"start":{"line":50,"column":12},"end":{"line":50,"column":15}},"loc":{"start":{"line":50,"column":17},"end":{"line":103,"column":3}}},"5":{"name":"(anonymous_5)","decl":{"start":{"line":54,"column":14},"end":{"line":54,"column":15}},"loc":{"start":{"line":54,"column":22},"end":{"line":56,"column":9}}},"6":{"name":"(anonymous_6)","decl":{"start":{"line":57,"column":14},"end":{"line":57,"column":15}},"loc":{"start":{"line":57,"column":23},"end":{"line":73,"column":9}}},"7":{"name":"(anonymous_7)","decl":{"start":{"line":78,"column":14},"end":{"line":78,"column":15}},"loc":{"start":{"line":78,"column":22},"end":{"line":80,"column":9}}},"8":{"name":"(anonymous_8)","decl":{"start":{"line":81,"column":14},"end":{"line":81,"column":15}},"loc":{"start":{"line":81,"column":23},"end":{"line":101,"column":9}}},"9":{"name":"(anonymous_9)","decl":{"start":{"line":106,"column":12},"end":{"line":106,"column":15}},"loc":{"start":{"line":106,"column":17},"end":{"line":110,"column":3}}},"10":{"name":"(anonymous_10)","decl":{"start":{"line":113,"column":12},"end":{"line":113,"column":15}},"loc":{"start":{"line":113,"column":17},"end":{"line":131,"column":3}}},"11":{"name":"(anonymous_11)","decl":{"start":{"line":119,"column":12},"end":{"line":119,"column":13}},"loc":{"start":{"line":119,"column":20},"end":{"line":121,"column":7}}},"12":{"name":"(anonymous_12)","decl":{"start":{"line":122,"column":12},"end":{"line":122,"column":13}},"loc":{"start":{"line":122,"column":21},"end":{"line":127,"column":7}}},"13":{"name":"(anonymous_13)","decl":{"start":{"line":128,"column":13},"end":{"line":128,"column":14}},"loc":{"start":{"line":128,"column":23},"end":{"line":130,"column":7}}},"14":{"name":"(anonymous_14)","decl":{"start":{"line":133,"column":28},"end":{"line":133,"column":31}},"loc":{"start":{"line":133,"column":33},"end":{"line":173,"column":3}}},"15":{"name":"(anonymous_15)","decl":{"start":{"line":137,"column":44},"end":{"line":137,"column":45}},"loc":{"start":{"line":137,"column":53},"end":{"line":143,"column":5}}},"16":{"name":"(anonymous_16)","decl":{"start":{"line":147,"column":6},"end":{"line":147,"column":7}},"loc":{"start":{"line":147,"column":15},"end":{"line":153,"column":7}}},"17":{"name":"(anonymous_17)","decl":{"start":{"line":157,"column":30},"end":{"line":157,"column":31}},"loc":{"start":{"line":157,"column":39},"end":{"line":172,"column":5}}},"18":{"name":"(anonymous_18)","decl":{"start":{"line":161,"column":8},"end":{"line":161,"column":9}},"loc":{"start":{"line":161,"column":18},"end":{"line":161,"column":78}}},"19":{"name":"(anonymous_19)","decl":{"start":{"line":175,"column":33},"end":{"line":175,"column":36}},"loc":{"start":{"line":175,"column":38},"end":{"line":179,"column":3}}}},"branchMap":{"0":{"loc":{"start":{"line":34,"column":8},"end":{"line":38,"column":9}},"type":"if","locations":[{"start":{"line":34,"column":8},"end":{"line":38,"column":9}}]},"1":{"loc":{"start":{"line":39,"column":8},"end":{"line":45,"column":9}},"type":"if","locations":[{"start":{"line":39,"column":8},"end":{"line":45,"column":9}}]},"2":{"loc":{"start":{"line":40,"column":10},"end":{"line":44,"column":11}},"type":"if","locations":[{"start":{"line":40,"column":10},"end":{"line":44,"column":11}},{"start":{"line":42,"column":17},"end":{"line":44,"column":11}}]},"3":{"loc":{"start":{"line":51,"column":4},"end":{"line":74,"column":5}},"type":"if","locations":[{"start":{"line":51,"column":4},"end":{"line":74,"column":5}}]},"4":{"loc":{"start":{"line":58,"column":10},"end":{"line":72,"column":11}},"type":"if","locations":[{"start":{"line":58,"column":10},"end":{"line":72,"column":11}}]},"5":{"loc":{"start":{"line":59,"column":12},"end":{"line":71,"column":13}},"type":"if","locations":[{"start":{"line":59,"column":12},"end":{"line":71,"column":13}},{"start":{"line":64,"column":19},"end":{"line":71,"column":13}}]},"6":{"loc":{"start":{"line":61,"column":37},"end":{"line":61,"column":76}},"type":"cond-expr","locations":[{"start":{"line":61,"column":56},"end":{"line":61,"column":72}},{"start":{"line":61,"column":75},"end":{"line":61,"column":76}}]},"7":{"loc":{"start":{"line":75,"column":4},"end":{"line":102,"column":5}},"type":"if","locations":[{"start":{"line":75,"column":4},"end":{"line":102,"column":5}}]},"8":{"loc":{"start":{"line":82,"column":10},"end":{"line":100,"column":11}},"type":"if","locations":[{"start":{"line":82,"column":10},"end":{"line":100,"column":11}}]},"9":{"loc":{"start":{"line":86,"column":12},"end":{"line":96,"column":13}},"type":"if","locations":[{"start":{"line":86,"column":12},"end":{"line":96,"column":13}},{"start":{"line":91,"column":19},"end":{"line":96,"column":13}}]},"10":{"loc":{"start":{"line":88,"column":37},"end":{"line":88,"column":76}},"type":"cond-expr","locations":[{"start":{"line":88,"column":56},"end":{"line":88,"column":72}},{"start":{"line":88,"column":75},"end":{"line":88,"column":76}}]},"11":{"loc":{"start":{"line":107,"column":4},"end":{"line":109,"column":5}},"type":"if","locations":[{"start":{"line":107,"column":4},"end":{"line":109,"column":5}}]},"12":{"loc":{"start":{"line":114,"column":4},"end":{"line":116,"column":5}},"type":"if","locations":[{"start":{"line":114,"column":4},"end":{"line":116,"column":5}}]},"13":{"loc":{"start":{"line":123,"column":8},"end":{"line":126,"column":9}},"type":"if","locations":[{"start":{"line":123,"column":8},"end":{"line":126,"column":9}}]},"14":{"loc":{"start":{"line":134,"column":4},"end":{"line":134,"column":25}},"type":"if","locations":[{"start":{"line":134,"column":4},"end":{"line":134,"column":25}}]},"15":{"loc":{"start":{"line":138,"column":6},"end":{"line":141,"column":7}},"type":"if","locations":[{"start":{"line":138,"column":6},"end":{"line":141,"column":7}}]},"16":{"loc":{"start":{"line":148,"column":8},"end":{"line":151,"column":9}},"type":"if","locations":[{"start":{"line":148,"column":8},"end":{"line":151,"column":9}}]},"17":{"loc":{"start":{"line":158,"column":6},"end":{"line":158,"column":24}},"type":"if","locations":[{"start":{"line":158,"column":6},"end":{"line":158,"column":24}}]},"18":{"loc":{"start":{"line":163,"column":6},"end":{"line":163,"column":31}},"type":"if","locations":[{"start":{"line":163,"column":6},"end":{"line":163,"column":31}}]},"19":{"loc":{"start":{"line":164,"column":19},"end":{"line":164,"column":71}},"type":"cond-expr","locations":[{"start":{"line":164,"column":33},"end":{"line":164,"column":42}},{"start":{"line":164,"column":45},"end":{"line":164,"column":71}}]},"20":{"loc":{"start":{"line":166,"column":8},"end":{"line":166,"column":77}},"type":"cond-expr","locations":[{"start":{"line":166,"column":39},"end":{"line":166,"column":48}},{"start":{"line":166,"column":51},"end":{"line":166,"column":77}}]},"21":{"loc":{"start":{"line":168,"column":6},"end":{"line":169,"column":33}},"type":"if","locations":[{"start":{"line":168,"column":6},"end":{"line":169,"column":33}},{"start":{"line":169,"column":11},"end":{"line":169,"column":33}}]},"22":{"loc":{"start":{"line":170,"column":6},"end":{"line":171,"column":30}},"type":"if","locations":[{"start":{"line":170,"column":6},"end":{"line":171,"column":30}},{"start":{"line":171,"column":11},"end":{"line":171,"column":30}}]},"23":{"loc":{"start":{"line":176,"column":4},"end":{"line":176,"column":28}},"type":"if","locations":[{"start":{"line":176,"column":4},"end":{"line":176,"column":28}}]}},"s":{"0":2,"1":2,"2":2,"3":2,"4":2,"5":2,"6":0,"7":0,"8":0,"9":0,"10":0,"11":0,"12":0,"13":0,"14":0,"15":0,"16":0,"17":0,"18":0,"19":0,"20":0,"21":0,"22":0,"23":0,"24":0,"25":0,"26":0,"27":0,"28":0,"29":0,"30":0,"31":0,"32":0,"33":0,"34":0,"35":0,"36":0,"37":0,"38":0,"39":0,"40":0,"41":0,"42":0,"43":0,"44":0,"45":0,"46":0,"47":0,"48":0,"49":0,"50":0,"51":0,"52":0,"53":0,"54":0,"55":0,"56":0,"57":0,"58":0,"59":0,"60":0,"61":0,"62":0,"63":0,"64":0,"65":0,"66":0,"67":0,"68":0,"69":0,"70":0,"71":0,"72":0,"73":0,"74":0,"75":0,"76":0,"77":0,"78":0,"79":0,"80":0,"81":0,"82":0,"83":0,"84":0,"85":0,"86":0,"87":0,"88":0,"89":0,"90":0,"91":0,"92":0,"93":0,"94":0,"95":0,"96":0,"97":0,"98":0,"99":0,"100":0,"101":0},"f":{"0":0,"1":0,"2":0,"3":0,"4":0,"5":0,"6":0,"7":0,"8":0,"9":0,"10":0,"11":0,"12":0,"13":0,"14":0,"15":0,"16":0,"17":0,"18":0,"19":0},"b":{"0":[0],"1":[0],"2":[0,0],"3":[0],"4":[0],"5":[0,0],"6":[0,0],"7":[0],"8":[0],"9":[0,0],"10":[0,0],"11":[0],"12":[0],"13":[0],"14":[0],"15":[0],"16":[0],"17":[0],"18":[0],"19":[0,0],"20":[0,0],"21":[0,0],"22":[0,0],"23":[0]}}
,"/Users/huangjien/workspace/writer/src/hooks/useSpeech.ts": {"path":"/Users/huangjien/workspace/writer/src/hooks/useSpeech.ts","statementMap":{"0":{"start":{"line":10,"column":0},"end":{"line":10,"column":16}},"1":{"start":{"line":1,"column":0},"end":{"line":1,"column":52}},"2":{"start":{"line":2,"column":0},"end":{"line":2,"column":38}},"3":{"start":{"line":3,"column":0},"end":{"line":3,"column":78}},"4":{"start":{"line":4,"column":0},"end":{"line":4,"column":null}},"5":{"start":{"line":11,"column":30},"end":{"line":11,"column":54}},"6":{"start":{"line":12,"column":34},"end":{"line":12,"column":45}},"7":{"start":{"line":13,"column":58},"end":{"line":13,"column":69}},"8":{"start":{"line":16,"column":23},"end":{"line":16,"column":43}},"9":{"start":{"line":17,"column":32},"end":{"line":17,"column":41}},"10":{"start":{"line":18,"column":36},"end":{"line":18,"column":45}},"11":{"start":{"line":19,"column":22},"end":{"line":19,"column":35}},"12":{"start":{"line":20,"column":27},"end":{"line":25,"column":8}},"13":{"start":{"line":27,"column":26},"end":{"line":29,"column":3}},"14":{"start":{"line":28,"column":4},"end":{"line":28,"column":35}},"15":{"start":{"line":32,"column":2},"end":{"line":38,"column":15}},"16":{"start":{"line":33,"column":4},"end":{"line":37,"column":5}},"17":{"start":{"line":34,"column":6},"end":{"line":34,"column":24}},"18":{"start":{"line":36,"column":6},"end":{"line":36,"column":28}},"19":{"start":{"line":41,"column":29},"end":{"line":57,"column":3}},"20":{"start":{"line":43,"column":22},"end":{"line":45,"column":41}},"21":{"start":{"line":45,"column":21},"end":{"line":45,"column":40}},"22":{"start":{"line":46,"column":29},"end":{"line":46,"column":31}},"23":{"start":{"line":48,"column":4},"end":{"line":54,"column":5}},"24":{"start":{"line":48,"column":17},"end":{"line":48,"column":18}},"25":{"start":{"line":49,"column":23},"end":{"line":49,"column":35}},"26":{"start":{"line":50,"column":26},"end":{"line":50,"column":48}},"27":{"start":{"line":51,"column":6},"end":{"line":53,"column":7}},"28":{"start":{"line":52,"column":8},"end":{"line":52,"column":53}},"29":{"start":{"line":56,"column":4},"end":{"line":56,"column":50}},"30":{"start":{"line":60,"column":31},"end":{"line":101,"column":3}},"31":{"start":{"line":61,"column":4},"end":{"line":66,"column":5}},"32":{"start":{"line":65,"column":6},"end":{"line":65,"column":13}},"33":{"start":{"line":68,"column":21},"end":{"line":68,"column":63}},"34":{"start":{"line":69,"column":20},"end":{"line":69,"column":44}},"35":{"start":{"line":71,"column":4},"end":{"line":100,"column":7}},"36":{"start":{"line":76,"column":8},"end":{"line":98,"column":9}},"37":{"start":{"line":78,"column":10},"end":{"line":78,"column":63}},"38":{"start":{"line":80,"column":12},"end":{"line":83,"column":17}},"39":{"start":{"line":84,"column":10},"end":{"line":84,"column":48}},"40":{"start":{"line":87,"column":28},"end":{"line":87,"column":52}},"41":{"start":{"line":88,"column":10},"end":{"line":88,"column":45}},"42":{"start":{"line":91,"column":10},"end":{"line":97,"column":11}},"43":{"start":{"line":92,"column":12},"end":{"line":92,"column":35}},"44":{"start":{"line":94,"column":12},"end":{"line":94,"column":38}},"45":{"start":{"line":95,"column":12},"end":{"line":95,"column":27}},"46":{"start":{"line":96,"column":12},"end
[...]
,"/Users/huangjien/workspace/writer/src/services/backgroundTaskService.ts": {"path":"/Users/huangjien/workspace/writer/src/services/backgroundTaskService.ts","statementMap":{"0":{"start":{"line":1,"column":0},"end":{"line":1,"column":57}},"1":{"start":{"line":2,"column":0},"end":{"line":2,"column":54}},"2":{"start":{"line":13,"column":13},"end":{"line":17,"column":2}},"3":{"start":{"line":22,"column":38},"end":{"line":34,"column":1}},"4":{"start":{"line":26,"column":2},"end":{"line":33,"column":3}},"5":{"start":{"line":27,"column":4},"end":{"line":27,"column":62}},"6":{"start":{"line":28,"column":4},"end":{"line":28,"column":73}},"7":{"start":{"line":29,"column":4},"end":{"line":29,"column":16}},"8":{"start":{"line":31,"column":4},"end":{"line":31,"column":78}},"9":{"start":{"line":32,"column":4},"end":{"line":32,"column":17}},"10":{"start":{"line":22,"column":13},"end":{"line":22,"column":38}},"11":{"start":{"line":39,"column":40},"end":{"line":50,"column":1}},"12":{"start":{"line":42,"column":2},"end":{"line":49,"column":3}},"13":{"start":{"line":43,"column":4},"end":{"line":43,"column":56}},"14":{"start":{"line":44,"column":4},"end":{"line":44,"column":75}},"15":{"start":{"line":45,"column":4},"end":{"line":45,"column":16}},"16":{"start":{"line":47,"column":4},"end":{"line":47,"column":80}},"17":{"start":{"line":48,"column":4},"end":{"line":48,"column":17}},"18":{"start":{"line":39,"column":13},"end":{"line":39,"column":40}},"19":{"start":{"line":55,"column":42},"end":{"line":68,"column":1}},"20":{"start":{"line":58,"column":2},"end":{"line":67,"column":3}},"21":{"start":{"line":59,"column":25},"end":{"line":59,"column":63}},"22":{"start":{"line":60,"column":4},"end":{"line":60,"column":76}},"23":{"start":{"line":62,"column":4},"end":{"line":65,"column":6}},"24":{"start":{"line":66,"column":4},"end":{"line":66,"column":17}},"25":{"start":{"line":55,"column":13},"end":{"line":55,"column":42}}},"fnMap":{"0":{"name":"(anonymous_9)","decl":{"start":{"line":22,"column":38},"end":{"line":22,"column":43}},"loc":{"start":{"line":25,"column":22},"end":{"line":34,"column":1}}},"1":{"name":"(anonymous_10)","decl":{"start":{"line":39,"column":40},"end":{"line":39,"column":45}},"loc":{"start":{"line":41,"column":22},"end":{"line":50,"column":1}}},"2":{"name":"(anonymous_11)","decl":{"start":{"line":55,"column":42},"end":{"line":55,"column":47}},"loc":{"start":{"line":57,"column":22},"end":{"line":68,"column":1}}}},"branchMap":{"0":{"loc":{"start":{"line":23,"column":2},"end":{"line":23,"column":32}},"type":"default-arg","locations":[{"start":{"line":23,"column":21},"end":{"line":23,"column":32}}]},"1":{"loc":{"start":{"line":24,"column":2},"end":{"line":24,"column":63}},"type":"default-arg","locations":[{"start":{"line":24,"column":33},"end":{"line":24,"column":63}}]},"2":{"loc":{"start":{"line":40,"column":2},"end":{"line":40,"column":32}},"type":"default-arg","locations":[{"start":{"line":40,"column":21},"end":{"line":40,"column":32}}]},"3":{"loc":{"start":{"line":56,"column":2},"end":{"line":56,"column":32}},"type":"default-arg","locations":[{"start":{"line":56,"column":21},"end":{"line":56,"column":32}}]}},"s":{"0":2,"1":2,"2":2,"3":2,"4":3,"5":3,"6":2,"7":2,"8":1,"9":1,"10":2,"11":2,"12":3,"13":3,"14":2,"15":2,"16":1,"17":1,"18":2,"19":2,"20":0,"21":0,"22":0,"23":0,"24":0,"25":2},"f":{"0":3,"1":3,"2":0},"b":{"0":[2],"1":[2],"2":[2],"3":[0]}}
,"/Users/huangjien/workspace/writer/src/services/speechService.ts": {"path":"/Users/huangjien/workspace/writer/src/services/speechService.ts","statementMap":{"0":{"start":{"line":1,"column":0},"end":{"line":1,"column":38}},"1":{"start":{"line":2,"column":0},"end":{"line":2,"column":69}},"2":{"start":{"line":3,"column":0},"end":{"line":3,"column":66}},"3":{"start":{"line":15,"column":4},"end":{"line":17,"column":5}},"4":{"start":{"line":16,"column":6},"end":{"line":16,"column":51}},"5":{"start":{"line":18,"column":4},"end":{"line":18,"column":34}},"6":{"start":{"line":22,"column":4},"end":{"line":27,"column":5}},"7":{"start":{"line":23,"column":6},"end":{"line":23,"column":45}},"8":{"start":{"line":25,"column":6},"end":{"line":25,"column":58}},"9":{"start":{"line":26,"column":6},"end":{"line":26,"column":18}},"10":{"start":{"line":31,"column":4},"end":{"line":35,"column":5}},"11":{"start":{"line":32,"column":6},"end":{"line":32,"column":45}},"12":{"start":{"line":34,"column":6},"end":{"line":34,"column":58}},"13":{"start":{"line":39,"column":4},"end":{"line":39,"column":28}},"14":{"start":{"line":39,"column":18},"end":{"line":39,"column":28}},"15":{"start":{"line":40,"column":34},"end":{"line":40,"column":71}},"16":{"start":{"line":41,"column":4},"end":{"line":41,"column":44}},"17":{"start":{"line":45,"column":4},"end":{"line":63,"column":5}},"18":{"start":{"line":46,"column":19},"end":{"line":46,"column":50}},"19":{"start":{"line":47,"column":6},"end":{"line":47,"column":34}},"20":{"start":{"line":47,"column":17},"end":{"line":47,"column":34}},"21":{"start":{"line":49,"column":22},"end":{"line":49,"column":38}},"22":{"start":{"line":50,"column":20},"end":{"line":52,"column":null}},"23":{"start":{"line":52,"column":10},"end":{"line":52,"column":70}},"24":{"start":{"line":55,"column":6},"end":{"line":55,"column":41}},"25":{"start":{"line":55,"column":24},"end":{"line":55,"column":41}},"26":{"start":{"line":58,"column":8},"end":{"line":58,"column":77}},"27":{"start":{"line":59,"column":6},"end":{"line":59,"column":51}},"28":{"start":{"line":61,"column":6},"end":{"line":61,"column":57}},"29":{"start":{"line":62,"column":6},"end":{"line":62,"column":23}},"30":{"start":{"line":71,"column":4},"end":{"line":108,"column":5}},"31":{"start":{"line":72,"column":25},"end":{"line":74,"column":49}},"32":{"start":{"line":76,"column":19},"end":{"line":76,"column":49}},"33":{"start":{"line":77,"column":6},"end":{"line":80,"column":7}},"34":{"start":{"line":78,"column":8},"end":{"line":78,"column":76}},"35":{"start":{"line":79,"column":8},"end":{"line":79,"column":15}},"36":{"start":{"line":82,"column":22},"end":{"line":82,"column":49}},"37":{"start":{"line":84,"column":28},"end":{"line":100,"column":8}},"38":{"start":{"line":90,"column":12},"end":{"line":98,"column":17}},"39":{"start":{"line":92,"column":16},"end":{"line":94,"column":17}},"40":{"start":{"line":93,"column":18},"end":{"line":93,"column":53}},"41":{"start":{"line":97,"column":16},"end":{"line":97,"column":66}},"42":{"start":{"line":102,"column":6},"end":{"line":105,"column":8}},"43":{"start":{"line":107,"column":6},"end":{"line":107,"column":55}},"44":{"start":{"line":112,"column":4},"end":{"line":112,"column":18}},"45":{"start":{"line":116,"column":4},"end":{"line":116,"column":42}},"46":{"start":{"line":120,"column":4},"end":{"line":120,"column":19}},"47":{"start":{"line":124,"column":4},"end":{"line":124,"column":20}},"48":{"start":{"line":11,"column":0},"end":{"line":11,"column":13}},"49":{"start":{"line":128,"column":13},"end":{"line":128,"column":57}}},"fnMap":{"0":{"name":"(anonymous_10)","decl":{"start":{"line":14,"column":9},"end":{"line":14,"column":15}},"loc":{"start":{"line":14,"column":27},"end":{"line":19,"column":3}}},"1":{"name":"(anonymous_11)","decl":{"start":{"line":21,"column":10},"end":{"line":21,"column":15}},"loc":{"start":{"line":21,"column":35},"end":{"line":28,"column":3}}},"2":{"name":"(anonymous_12)","decl":{"start":{"line":30,"column":10},"end":{"line":30,"column":15}},"loc":{"start":{"line":30,"column":50},"end":{"line":36,"column":3}}},"3":{"name":"(anonymous_13)","decl":{"start":{"line":38,"column":10},"end":{"line":38,"column":32}},"loc":{"start":{"line":38,"column":66},"end":{"line":42,"column":3}}},"4":{"name":"(anonymous_14)","decl":{"start":{"line":44,"column":9},"end":{"line":44,"column":14}},"loc":{"start":{"line":44,"column":38},"end":{"line":64,"column":3}}},"5":{"name":"(anonymous_15)","decl":{"start":{"line":51,"column":8},"end":{"line":51,"column":9}},"loc":{"start":{"line":52,"column":10},"end":{"line":52,"column":70}}},"6":{"name":"(anonymous_16)","decl":{"start":{"line":66,"column":9},"end":{"line":66,"column":14}},"loc":{"start":{"line":69,"column":31},"end":{"line":109,"column":3}}},"7":{"name":"(anonymous_17)","decl":{"start":{"line":89,"column":11},"end":{"line":89,"column":14}},"loc":{"start":{"line":89,"column":16},"end":{"line":99,"column":11}}},"8":{"name":"(anonymous_18)","decl":{"start":{"line":91,"column":20},"end":{"line":91,"column":21}},"loc":{"start":{"line":91,"column":35},"end":{"line":95,"column":15}}},"9":{"name":"(anonymous_19)","decl":{"start":{"line":96,"column":21},"end":{"line":96,"column":22}},"loc":{"start":{"line":96,"column":31},"end":{"line":98,"column":15}}},"10":{"name":"(anonymous_20)","decl":{"start":{"line":111,"column":9},"end":{"line":111,"column":13}},"loc":{"start":{"line":111,"column":13},"end":{"line":113,"column":3}}},"11":{"name":"(anonymous_21)","decl":{"start":{"line":115,"column":9},"end":{"line":115,"column":14}},"loc":{"start":{"line":115,"column":25},"end":{"line":117,"column":3}}},"12":{"name":"(anonymous_22)","decl":{"start":{"line":119,"column":9},"end":{"line":119,"column":14}},"loc":{"start":{"line":119,"column":14},"end":{"line":121,"column":3}}},"13":{"name":"(anonymous_23)","decl":{"start":{"line":123,"column":9},"end":{"line":123,"column":15}},"loc":{"start":{"line":123,"column":15},"end":{"line":125,"column":3}}}},"branchMap":{"0":{"loc":{"start":{"line":15,"column":4},"end":{"line":17,"column":5}},"type":"if","locations":[{"start":{"line":15,"column":4},"end":{"line":17,"column":5}}]},"1":{"loc":{"start":{"line":39,"column":4},"end":{"line":39,"column":28}},"type":"if","locations":[{"start":{"line":39,"column":4},"end":{"line":39,"column":28}}]},"2":{"loc":{"start":{"line":47,"column":6},"end":{"line":47,"column":34}},"type":"if","locations":[{"start":{"line":47,"column":6},"end":{"line":47,"column":34}}]},"3":{"loc":{"start":{"line":55,"column":6},"end":{"line":55,"column":41}},"type":"if","locations":[{"start":{"line":55,"column":6},"end":{"line":55,"column":41}}]},"4":{"loc":{"start":{"line":58,"column":8},"end":{"line":58,"column":77}},"type":"cond-expr","locations":[{"start":{"line":58,"column":39},"end":{"line":58,"column":48}},{"start":{"line":58,"column":51},"end":{"line":58,"column":77}}]},"5":{"loc":{"start":{"line":59,"column":13},"end":{"line":59,"column":50}},"type":"cond-expr","locations":[{"start":{"line":59,"column":20},"end":{"line":59,"column":38}},{"start":{"line":59,"column":41},"end":{"line":59,"column":50}}]},"6":{"loc":{"start":{"line":69,"column":4},"end":{"line":69,"column":31}},"type":"default-arg","locations":[{"start":{"line":69,"column":29},"end":{"line":69,"column":31}}]},"7":{"loc":{"start":{"line":72,"column":25},"end":{"line":74,"column":49}},"type":"cond-expr","locations":[{"start":{"line":73,"column":10},"end":{"line":73,"column":35}},{"start":{"line":74,"column":10},"end":{"line":74,"column":49}}]},"8":{"loc":{"start":{"line":77,"column":6},"end":{"line":80,"column":7}},"type":"if","locations":[{"start":{"line":77,"column":6},"end":{"line":80,"column":7}}]},"9":{"loc":{"start":{"line":85,"column":18},"end":{"line":85,"column":42}},"type":"binary-expr","locations":[{"start":{"line":85,"column":18},"end":{"line":85,"column":34}},{"start":{"line":85,"column":38},"end":{"line":85,"column":42}}]},"10":{"loc":{"start":{"line":86,"column":15},"end":{"line":86,"column":36}},"type":"binary-expr","locations":[{"start":{"line":86,"column":15},"end":{"line":86,"column":28}},{"start":{"line":86,"column":32},"end":{"line":86,"column":36}}]},"11":{"loc":{"start":{"line":88,"column":10},"end":{"line":99,"column":12}},"type":"binary-expr","locations":[{"start":{"line":88,"column":10},"end":{"line":88,"column":24}},{"start":{"line":89,"column":11},"end":{"line":99,"column":11}}]},"12":{"loc":{"start":{"line":92,"column":16},"end":{"line":94,"column":17}},"type":"if","locations":[{"start":{"line":92,"column":16},"end":{"line":94,"column":17}}]}},"s":{"0":2,"1":2,"2":2,"3":5,"4":2,"5":5,"6":19,"7":19,"8":3,"9":3,"10":0,"11":0,"12":0,"13":9,"14":0,"15":9,"16":9,"17":8,"18":8,"19":8,"20":3,"21":5,"22":4,"23":7,"24":4,"25":1,"26":3,"27":3,"28":1,"29":1,"30":11,"31":11,"32":11,"33":11,"34":2,"35":2,"36":9,"37":9,"38":2,"39":2,"40":1,"41":0,"42":9,"43":0,"44":1,"45":1,"46":1,"47":1,"48":2,"49":2},"f":{"0":5,"1":19,"2":0,"3":9,"4":8,"5":7,"6":11,"7":2,"8":2,"9":0,"10":1,"11":1,"12":1,"13":1},"b":{"0":[2],"1":[0],"2":[3],"3":[1],"4":[1,2],"5":[2,1],"6":[9],"7":[2,9],"8":[2],"9":[9,8],"10":[9,8],"11":[9,8],"12":[1]}}
,"/Users/huangjien/workspace/writer/src/services/splashScreenService.ts": {"path":"/Users/huangjien/workspace/writer/src/services/splashScreenService.ts","statementMap":{"0":{"start":{"line":1,"column":0},"end":{"line":1,"column":43}},"1":{"start":{"line":2,"column":0},"end":{"line":2,"column":50}},"2":{"start":{"line":7,"column":43},"end":{"line":13,"column":1}},"3":{"start":{"line":8,"column":2},"end":{"line":12,"column":3}},"4":{"start":{"line":9,"column":4},"end":{"line":9,"column":40}},"5":{"start":{"line":11,"column":4},"end":{"line":11,"column":71}},"6":{"start":{"line":7,"column":13},"end":{"line":7,"column":43}},"7":{"start":{"line":18,"column":32},"end":{"line":24,"column":1}},"8":{"start":{"line":19,"column":2},"end":{"line":23,"column":3}},"9":{"start":{"line":20,"column":4},"end":{"line":20,"column":35}},"10":{"start":{"line":22,"column":4},"end":{"line":22,"column":58}},"11":{"start":{"line":18,"column":13},"end":{"line":18,"column":32}},"12":{"start":{"line":29,"column":49},"end":{"line":46,"column":1}},"13":{"start":{"line":32,"column":2},"end":{"line":45,"column":3}},"14":{"start":{"line":33,"column":4},"end":{"line":33,"column":29}},"15":{"start":{"line":34,"column":4},"end":{"line":36,"column":5}},"16":{"start":{"line":35,"column":6},"end":{"line":35,"column":25}},"17":{"start":{"line":38,"column":4},"end":{"line":41,"column":6}},"18":{"start":{"line":42,"column":4},"end":{"line":44,"column":5}},"19":{"start":{"line":43,"column":6},"end":{"line":43,"column":25}},"20":{"start":{"line":29,"column":13},"end":{"line":29,"column":49}}},"fnMap":{"0":{"name":"(anonymous_0)","decl":{"start":{"line":7,"column":43},"end":{"line":7,"column":52}},"loc":{"start":{"line":7,"column":54},"end":{"line":13,"column":1}}},"1":{"name":"(anonymous_1)","decl":{"start":{"line":18,"column":32},"end":{"line":18,"column":37}},"loc":{"start":{"line":18,"column":58},"end":{"line":24,"column":1}}},"2":{"name":"(anonymous_2)","decl":{"start":{"line":29,"column":49},"end":{"line":29,"column":54}},"loc":{"start":{"line":31,"column":19},"end":{"line":46,"column":1}}}},"branchMap":{"0":{"loc":{"start":{"line":34,"column":4},"end":{"line":36,"column":5}},"type":"if","locations":[{"start":{"line":34,"column":4},"end":{"line":36,"column":5}}]},"1":{"loc":{"start":{"line":42,"column":4},"end":{"line":44,"column":5}},"type":"if","locations":[{"start":{"line":42,"column":4},"end":{"line":44,"column":5}}]}},"s":{"0":2,"1":2,"2":2,"3":2,"4":2,"5":1,"6":2,"7":2,"8":7,"9":7,"10":4,"11":2,"12":2,"13":5,"14":5,"15":5,"16":3,"17":0,"18":0,"19":0,"20":2},"f":{"0":2,"1":7,"2":5},"b":{"0":[3],"1":[0]}}
,"/Users/huangjien/workspace/writer/src/utils/readingUtils.ts": {"path":"/Users/huangjien/workspace/writer/src/utils/readingUtils.ts","statementMap":{"0":{"start":{"line":1,"column":0},"end":{"line":1,"column":37}},"1":{"start":{"line":2,"column":0},"end":{"line":2,"column":38}},"2":{"start":{"line":3,"column":0},"end":{"line":3,"column":44}},"3":{"start":{"line":5,"column":33},"end":{"line":12,"column":1}},"4":{"start":{"line":6,"column":2},"end":{"line":11,"column":3}},"5":{"start":{"line":7,"column":4},"end":{"line":10,"column":7}},"6":{"start":{"line":5,"column":13},"end":{"line":5,"column":33}},"7":{"start":{"line":14,"column":36},"end":{"line":25,"column":1}},"8":{"start":{"line":20,"column":2},"end":{"line":20,"column":16}},"9":{"start":{"line":21,"column":2},"end":{"line":21,"column":27}},"10":{"start":{"line":22,"column":2},"end":{"line":24,"column":3}},"11":{"start":{"line":23,"column":4},"end":{"line":23,"column":12}},"12":{"start":{"line":14,"column":13},"end":{"line":14,"column":36}},"13":{"start":{"line":27,"column":35},"end":{"line":39,"column":1}},"14":{"start":{"line":33,"column":2},"end":{"line":38,"column":3}},"15":{"start":{"line":34,"column":4},"end":{"line":34,"column":18}},"16":{"start":{"line":35,"column":4},"end":{"line":37,"column":7}},"17":{"start":{"line":36,"column":6},"end":{"line":36,"column":14}},"18":{"start":{"line":27,"column":13},"end":{"line":27,"column":35}},"19":{"start":{"line":41,"column":42},"end":{"line":63,"column":1}},"20":{"start":{"line":49,"column":2},"end":{"line":49,"column":30}},"21":{"start":{"line":51,"column":2},"end":{"line":55,"column":3}},"22":{"start":{"line":53,"column":4},"end":{"line":53,"column":13}},"23":{"start":{"line":54,"column":4},"end":{"line":54,"column":11}},"24":{"start":{"line":58,"column":2},"end":{"line":62,"column":5}},"25":{"start":{"line":59,"column":4},"end":{"line":61,"column":5}},"26":{"start":{"line":60,"column":6},"end":{"line":60,"column":15}},"27":{"start":{"line":41,"column":13},"end":{"line":41,"column":42}}},"fnMap":{"0":{"name":"(anonymous_9)","decl":{"start":{"line":5,"column":33},"end":{"line":5,"column":34}},"loc":{"start":{"line":5,"column":69},"end":{"line":12,"column":1}}},"1":{"name":"(anonymous_10)","decl":{"start":{"line":14,"column":36},"end":{"line":14,"column":null}},"loc":{"start":{"line":19,"column":4},"end":{"line":25,"column":1}}},"2":{"name":"(anonymous_11)","decl":{"start":{"line":27,"column":35},"end":{"line":27,"column":null}},"loc":{"start":{"line":31,"column":4},"end":{"line":39,"column":1}}},"3":{"name":"(anonymous_12)","decl":{"start":{"line":35,"column":21},"end":{"line":35,"column":24}},"loc":{"start":{"line":35,"column":26},"end":{"line":37,"column":5}}},"4":{"name":"(anonymous_13)","decl":{"start":{"line":41,"column":42},"end":{"line":41,"column":null}},"loc":{"start":{"line":47,"column":4},"end":{"line":63,"column":1}}},"5":{"name":"(anonymous_14)","decl":{"start":{"line":58,"column":32},"end":{"line":58,"column":33}},"loc":{"start":{"line":58,"column":40},"end":{"line":62,"column":3}}}},"branchMap":{"0":{"loc":{"start":{"line":6,"column":2},"end":{"line":11,"column":3}},"type":"if","locations":[{"start":{"line":6,"column":2},"end":{"line":11,"column":3}}]},"1":{"loc":{"start":{"line":22,"column":2},"end":{"line":24,"column":3}},"type":"if","locations":[{"start":{"line":22,"column":2},"end":{"line":24,"column":3}}]},"2":{"loc":{"start":{"line":33,"column":2},"end":{"line":38,"column":3}},"type":"if","locations":[{"start":{"line":33,"column":2},"end":{"line":38,"column":3}}]},"3":{"loc":{"start":{"line":33,"column":6},"end":{"line":33,"column":48}},"type":"binary-expr","locations":[{"start":{"line":33,"column":6},"end":{"line":33,"column":26}},{"start":{"line":33,"column":30},"end":{"line":33,"column":48}}]},"4":{"loc":{"start":{"line":51,"column":2},"end":{"line":55,"column":3}},"type":"if","locations":[{"start":{"line":51,"column":2},"end":{"line":55,"column":3}}]},"5":{"loc":{"start":{"line":59,"column":4},"end":{"line":61,"column":5}},"type":"if","locations":[{"start":{"line":59,"column":4},"end":{"line":61,"column":5}}]},"6":{"loc":{"start":{"line":59,"column":8},"end":{"line":59,"column":60}},"type":"binary-expr","locations":[{"start":{"line":59,"column":8},"end":{"line":59,"column":12}},{"start":{"line":59,"column":16},"end":{"line":59,"column":36}},{"start":{"line":59,"column":40},"end":{"line":59,"column":60}}]}},"s":{"0":2,"1":2,"2":2,"3":2,"4":4,"5":1,"6":2,"7":2,"8":4,"9":4,"10":4,"11":3,"12":2,"13":2,"14":5,"15":2,"16":2,"17":2,"18":2,"19":2,"20":9,"21":9,"22":2,"23":2,"24":7,"25":7,"26":1,"27":2},"f":{"0":4,"1":4,"2":5,"3":2,"4":9,"5":7},"b":{"0":[1],"1":[3],"2":[2],"3":[5,4],"4":[2],"5":[1],"6":[7,5,4]}}
}
