TN:
SF:src/app/_layout.tsx
FN:19,InnerLayout
FN:28,(anonymous_1)
FN:44,(anonymous_2)
FN:46,(anonymous_3)
FN:47,(anonymous_4)
FN:52,(anonymous_5)
FN:58,(anonymous_6)
FN:65,(anonymous_7)
FN:78,(anonymous_8)
FN:85,(anonymous_9)
FN:98,(anonymous_10)
FN:105,(anonymous_11)
FN:118,(anonymous_12)
FN:125,(anonymous_13)
FN:140,Layout
FNF:15
FNH:0
FNDA:0,InnerLayout
FNDA:0,(anonymous_1)
FNDA:0,(anonymous_2)
FNDA:0,(anonymous_3)
FNDA:0,(anonymous_4)
FNDA:0,(anonymous_5)
FNDA:0,(anonymous_6)
FNDA:0,(anonymous_7)
FNDA:0,(anonymous_8)
FNDA:0,(anonymous_9)
FNDA:0,(anonymous_10)
FNDA:0,(anonymous_11)
FNDA:0,(anonymous_12)
FNDA:0,(anonymous_13)
FNDA:0,Layout
DA:1,1
DA:2,1
DA:3,1
DA:4,1
DA:5,1
DA:6,1
DA:7,1
DA:8,1
DA:9,1
DA:10,1
DA:11,1
DA:12,1
DA:13,1
DA:14,1
DA:15,1
DA:17,1
DA:19,1
DA:21,0
DA:28,0
DA:29,0
DA:33,0
DA:34,0
DA:40,0
DA:44,0
DA:47,0
DA:52,0
DA:59,0
DA:66,0
DA:79,0
DA:86,0
DA:99,0
DA:106,0
DA:119,0
DA:126,0
DA:140,1
DA:141,0
DA:142,0
DA:143,0
DA:145,0
LF:39
LH:18
BRDA:33,0,0,0
BRF:1
BRH:0
end_of_record
TN:
SF:src/app/github.tsx
FN:20,elementWithNameExists
FN:21,(anonymous_2)
FN:24,Page
FN:36,(anonymous_4)
FN:41,(anonymous_5)
FN:44,(anonymous_6)
FN:47,(anonymous_7)
FN:56,(anonymous_8)
FN:66,(anonymous_9)
FN:92,(anonymous_10)
FN:118,(anonymous_11)
FN:140,(anonymous_12)
FN:191,(anonymous_13)
FN:226,(anonymous_14)
FN:242,(anonymous_15)
FN:246,(anonymous_16)
FN:284,saveToStorage
FN:287,(anonymous_18)
FN:311,(anonymous_19)
FN:314,(anonymous_20)
FN:328,(anonymous_21)
FN:346,(anonymous_22)
FN:366,(anonymous_23)
FN:372,(anonymous_24)
FNF:24
FNH:0
FNDA:0,elementWithNameExists
FNDA:0,(anonymous_2)
FNDA:0,Page
FNDA:0,(anonymous_4)
FNDA:0,(anonymous_5)
FNDA:0,(anonymous_6)
FNDA:0,(anonymous_7)
FNDA:0,(anonymous_8)
FNDA:0,(anonymous_9)
FNDA:0,(anonymous_10)
FNDA:0,(anonymous_11)
FNDA:0,(anonymous_12)
FNDA:0,(anonymous_13)
FNDA:0,(anonymous_14)
FNDA:0,(anonymous_15)
FNDA:0,(anonymous_16)
FNDA:0,saveToStorage
FNDA:0,(anonymous_18)
FNDA:0,(anonymous_19)
FNDA:0,(anonymous_20)
FNDA:0,(anonymous_21)
FNDA:0,(anonymous_22)
FNDA:0,(anonymous_23)
FNDA:0,(anonymous_24)
DA:1,1
DA:2,1
DA:3,1
DA:4,1
DA:5,1
DA:7,1
DA:8,1
DA:16,1
DA:21,0
DA:24,1
DA:25,0
DA:26,0
DA:27,0
DA:28,0
DA:29,0
DA:30,0
DA:31,0
DA:33,0
DA:36,0
DA:37,0
DA:41,0
DA:42,0
DA:43,0
DA:45,0
DA:48,0
DA:49,0
DA:50,0
DA:51,0
DA:53,0
DA:57,0
DA:58,0
DA:61,0
DA:62,0
DA:66,0
DA:67,0
DA:69,0
DA:70,0
DA:71,0
DA:72,0
DA:73,0
DA:78,0
DA:79,0
DA:80,0
DA:81,0
DA:82,0
DA:86,0
DA:88,0
DA:92,0
DA:93,0
DA:95,0
DA:96,0
DA:98,0
DA:101,0
DA:102,0
DA:103,0
DA:107,0
DA:108,0
DA:109,0
DA:112,0
DA:114,0
DA:118,0
DA:119,0
DA:120,0
DA:121,0
DA:123,0
DA:124,0
DA:127,0
DA:141,0
DA:144,0
DA:148,0
DA:191,0
DA:226,0
DA:243,0
DA:247,0
DA:286,0
DA:287,0
DA:290,0
DA:291,0
DA:292,0
DA:294,0
DA:296,0
DA:297,0
DA:298,0
DA:302,0
DA:305,0
DA:307,0
DA:309,0
DA:311,0
DA:313,0
DA:316,0
DA:317,0
DA:319,0
DA:329,0
DA:334,0
DA:337,0
DA:338,0
DA:339,0
DA:341,0
DA:344,0
DA:346,0
DA:347,0
DA:348,0
DA:351,0
DA:354,0
DA:357,0
DA:358,0
DA:359,0
DA:361,0
DA:364,0
DA:366,0
DA:367,0
DA:368,0
DA:373,0
DA:376,0
LF:114
LH:9
BRDA:42,0,0,0
BRDA:48,1,0,0
BRDA:48,1,1,0
BRDA:61,2,0,0
BRDA:70,3,0,0
BRDA:72,4,0,0
BRDA:72,5,0,0
BRDA:72,5,1,0
BRDA:79,6,0,0
BRDA:81,7,0,0
BRDA:93,8,0,0
BRDA:101,9,0,0
BRDA:108,10,0,0
BRDA:120,11,0,0
BRDA:123,12,0,0
BRDA:156,13,0,0
BRDA:156,13,1,0
BRDA:168,14,0,0
BRDA:168,14,1,0
BRDA:178,15,0,0
BRDA:178,15,1,0
BRDA:178,15,2,0
BRDA:202,16,0,0
BRDA:202,16,1,0
BRDA:202,16,2,0
BRDA:202,16,3,0
BRDA:210,17,0,0
BRDA:210,17,1,0
BRDA:214,18,0,0
BRDA:214,18,1,0
BRDA:237,19,0,0
BRDA:237,19,1,0
BRDA:237,19,2,0
BRDA:262,20,0,0
BRDA:262,20,1,0
BRDA:286,21,0,0
BRDA:290,22,0,0
BRDA:290,23,0,0
BRDA:290,23,1,0
BRDA:294,24,0,0
BRDA:296,25,0,0
BRDA:296,25,1,0
BRDA:296,26,0,0
BRDA:296,26,1,0
BRDA:296,26,2,0
BRDA:297,27,0,0
BRDA:297,27,1,0
BRDA:317,28,0,0
BRDA:317,28,1,0
BRDA:317,29,0,0
BRDA:317,29,1,0
BRDA:334,30,0,0
BRDA:334,31,0,0
BRDA:334,31,1,0
BRDA:338,32,0,0
BRDA:338,32,1,0
BRDA:344,33,0,0
BRDA:354,34,0,0
BRDA:354,35,0,0
BRDA:354,35,1,0
BRDA:358,36,0,0
BRDA:358,36,1,0
BRDA:364,37,0,0
BRF:63
BRH:0
end_of_record
TN:
SF:src/app/images.tsx
FNF:0
FNH:0
DA:1,2
LF:1
LH:1
BRF:0
BRH:0
end_of_record
TN:
SF:src/app/index.tsx
FN:8,Page
FN:64,(anonymous_1)
FN:72,(anonymous_2)
FN:90,(anonymous_3)
FNF:4
FNH:2
FNDA:1,Page
FNDA:0,(anonymous_1)
FNDA:0,(anonymous_2)
FNDA:4,(anonymous_3)
DA:1,1
DA:2,1
DA:3,1
DA:4,1
DA:5,1
DA:6,1
DA:8,1
DA:9,1
DA:11,1
DA:37,1
DA:64,0
DA:72,0
DA:91,4
LF:13
LH:11
BRF:0
BRH:0
end_of_record
TN:
SF:src/app/read.tsx
FN:22,Page
FN:67,(anonymous_10)
FN:79,(anonymous_11)
FN:83,(anonymous_12)
FN:100,(anonymous_13)
FN:113,(anonymous_14)
FN:124,(anonymous_15)
FN:128,(anonymous_16)
FN:147,(anonymous_17)
FN:157,(anonymous_18)
FN:163,(anonymous_19)
FN:167,(anonymous_20)
FN:173,(anonymous_21)
FN:183,(anonymous_22)
FN:195,(anonymous_23)
FN:210,(anonymous_24)
FN:231,(anonymous_25)
FN:243,(anonymous_26)
FN:261,(anonymous_27)
FN:262,(anonymous_28)
FNF:20
FNH:0
FNDA:0,Page
FNDA:0,(anonymous_10)
FNDA:0,(anonymous_11)
FNDA:0,(anonymous_12)
FNDA:0,(anonymous_13)
FNDA:0,(anonymous_14)
FNDA:0,(anonymous_15)
FNDA:0,(anonymous_16)
FNDA:0,(anonymous_17)
FNDA:0,(anonymous_18)
FNDA:0,(anonymous_19)
FNDA:0,(anonymous_20)
FNDA:0,(anonymous_21)
FNDA:0,(anonymous_22)
FNDA:0,(anonymous_23)
FNDA:0,(anonymous_24)
FNDA:0,(anonymous_25)
FNDA:0,(anonymous_26)
FNDA:0,(anonymous_27)
FNDA:0,(anonymous_28)
DA:1,1
DA:2,1
DA:3,1
DA:4,1
DA:5,1
DA:6,1
DA:11,1
DA:12,1
DA:13,1
DA:14,1
DA:15,1
DA:22,1
DA:25,0
DA:26,0
DA:28,0
DA:29,0
DA:31,0
DA:32,0
DA:33,0
DA:34,0
DA:36,0
DA:37,0
DA:50,0
DA:56,0
DA:57,0
DA:58,0
DA:59,0
DA:60,0
DA:61,0
DA:62,0
DA:63,0
DA:64,0
DA:67,0
DA:79,0
DA:81,0
DA:83,0
DA:84,0
DA:88,0
DA:94,0
DA:99,0
DA:102,0
DA:103,0
DA:106,0
DA:107,0
DA:108,0
DA:111,0
DA:113,0
DA:114,0
DA:118,0
DA:119,0
DA:122,0
DA:126,0
DA:128,0
DA:129,0
DA:133,0
DA:136,0
DA:138,0
DA:140,0
DA:141,0
DA:142,0
DA:145,0
DA:147,0
DA:148,0
DA:157,0
DA:158,0
DA:159,0
DA:160,0
DA:163,0
DA:164,0
DA:167,0
DA:168,0
DA:169,0
DA:173,0
DA:174,0
DA:175,0
DA:179,0
DA:181,0
DA:184,0
DA:185,0
DA:189,0
DA:193,0
DA:196,0
DA:197,0
DA:198,0
DA:199,0
DA:204,0
DA:206,0
DA:211,0
DA:231,0
DA:245,0
DA:246,0
DA:250,0
DA:251,0
DA:253,0
DA:254,0
DA:255,0
DA:261,0
DA:262,0
LF:98
LH:12
BRDA:79,0,0,0
BRDA:84,1,0,0
BRDA:94,2,0,0
BRDA:94,2,1,0
BRDA:100,3,0,0
BRDA:102,4,0,0
BRDA:138,5,0,0
BRDA:138,5,1,0
BRDA:157,6,0,0
BRDA:168,7,0,0
BRDA:174,8,0,0
BRDA:184,9,0,0
BRDA:184,10,0,0
BRDA:184,10,1,0
BRDA:196,11,0,0
BRDA:196,11,1,0
BRDA:198,12,0,0
BRDA:211,13,0,0
BRDA:211,13,1,0
BRDA:214,14,0,0
BRDA:214,14,1,0
BRDA:235,15,0,0
BRDA:235,15,1,0
BRDA:245,16,0,0
BRDA:245,17,0,0
BRDA:245,17,1,0
BRDA:250,18,0,0
BRDA:254,19,0,0
BRF:28
BRH:0
end_of_record
TN:
SF:src/components/Footer.tsx
FN:5,(anonymous_1)
FNF:1
FNH:0
FNDA:0,(anonymous_1)
DA:1,1
DA:2,1
DA:3,1
DA:5,1
DA:6,0
DA:7,0
LF:6
LH:4
BRF:0
BRH:0
end_of_record
TN:
SF:src/components/SpeechTask.tsx
FN:37,(anonymous_9)
FN:6,(anonymous_10)
FNF:2
FNH:2
FNDA:8,(anonymous_9)
FNDA:7,(anonymous_10)
DA:1,3
DA:2,3
DA:4,3
DA:6,3
DA:7,7
DA:8,7
DA:9,1
DA:10,1
DA:12,6
DA:13,1
DA:14,1
DA:15,1
DA:17,5
DA:18,2
DA:27,2
DA:32,3
DA:37,11
LF:17
LH:17
BRDA:8,0,0,1
BRDA:12,1,0,1
BRDA:17,2,0,2
BRDA:17,2,1,3
BRDA:17,3,0,5
BRDA:17,3,1,5
BRDA:17,3,2,4
BRF:7
BRH:7
end_of_record
TN:
SF:src/components/colors.js
FNF:0
FNH:0
DA:1,4
LF:1
LH:1
BRF:0
BRH:0
end_of_record
TN:
SF:src/components/global.tsx
FN:13,(anonymous_1)
FN:18,showErrorToast
FN:30,showInfoToast
FN:41,sleep
FN:42,(anonymous_5)
FN:46,fileNameComparator
FNF:6
FNH:6
FNDA:3,(anonymous_1)
FNDA:5,showErrorToast
FNDA:2,showInfoToast
FNDA:2,sleep
FNDA:2,(anonymous_5)
FNDA:10,fileNameComparator
DA:1,12
DA:4,12
DA:5,12
DA:6,12
DA:7,12
DA:8,12
DA:9,12
DA:10,12
DA:11,12
DA:13,12
DA:14,3
DA:15,3
DA:18,12
DA:19,5
DA:30,12
DA:31,2
DA:41,12
DA:42,2
DA:46,12
DA:48,10
DA:50,10
DA:53,10
DA:55,3
DA:56,7
DA:58,2
DA:61,5
LF:26
LH:26
BRDA:53,0,0,3
BRDA:53,0,1,7
BRDA:56,1,0,2
BRDA:56,1,1,5
BRF:4
BRH:4
end_of_record
TN:
SF:src/components/image.tsx
FN:12,(anonymous_0)
FN:28,(anonymous_1)
FNF:2
FNH:0
FNDA:0,(anonymous_0)
FNDA:0,(anonymous_1)
DA:2,1
DA:3,1
DA:10,1
DA:12,1
DA:18,0
DA:28,1
DA:29,0
LF:7
LH:5
BRDA:15,0,0,0
BRF:1
BRH:0
end_of_record
TN:
SF:src/hooks/use-theme-config.tsx
FN:32,useThemeConfig
FN:41,(anonymous_2)
FNF:2
FNH:0
FNDA:0,useThemeConfig
FNDA:0,(anonymous_2)
DA:2,3
DA:6,3
DA:8,3
DA:9,3
DA:11,3
DA:23,3
DA:32,3
DA:33,0
DA:34,0
DA:37,0
DA:41,0
DA:42,0
DA:43,0
DA:44,0
DA:45,0
DA:47,0
LF:16
LH:7
BRDA:35,0,0,0
BRDA:35,0,1,0
BRDA:38,1,0,0
BRDA:38,1,1,0
BRDA:43,2,0,0
BRDA:43,2,1,0
BRF:6
BRH:0
end_of_record
TN:
SF:src/hooks/useAsyncStorage.fixed.tsx
FN:46,AsyncStorageProvider
FN:55,(anonymous_2)
FN:56,(anonymous_3)
FN:75,(anonymous_4)
FN:79,(anonymous_5)
FN:92,(anonymous_6)
FN:96,(anonymous_7)
FN:97,(anonymous_8)
FN:109,(anonymous_9)
FN:113,(anonymous_10)
FN:118,(anonymous_11)
FN:130,(anonymous_12)
FN:139,(anonymous_13)
FN:148,useAsyncStorage
FNF:14
FNH:0
FNDA:0,AsyncStorageProvider
FNDA:0,(anonymous_2)
FNDA:0,(anonymous_3)
FNDA:0,(anonymous_4)
FNDA:0,(anonymous_5)
FNDA:0,(anonymous_6)
FNDA:0,(anonymous_7)
FNDA:0,(anonymous_8)
FNDA:0,(anonymous_9)
FNDA:0,(anonymous_10)
FNDA:0,(anonymous_11)
FNDA:0,(anonymous_12)
FNDA:0,(anonymous_13)
FNDA:0,useAsyncStorage
DA:1,2
DA:10,2
DA:38,2
DA:46,2
DA:50,0
DA:51,0
DA:52,0
DA:55,0
DA:56,0
DA:57,0
DA:58,0
DA:59,0
DA:60,0
DA:61,0
DA:62,0
DA:64,0
DA:65,0
DA:67,0
DA:71,0
DA:74,0
DA:76,0
DA:77,0
DA:78,0
DA:79,0
DA:80,0
DA:82,0
DA:83,0
DA:85,0
DA:91,0
DA:93,0
DA:94,0
DA:95,0
DA:96,0
DA:97,0
DA:99,0
DA:100,0
DA:102,0
DA:108,0
DA:110,0
DA:111,0
DA:112,0
DA:113,0
DA:114,0
DA:115,0
DA:116,0
DA:118,0
DA:120,0
DA:121,0
DA:123,0
DA:129,0
DA:130,0
DA:138,0
DA:139,0
DA:143,0
DA:148,2
DA:149,0
DA:150,0
DA:151,0
DA:155,0
LF:59
LH:5
BRDA:48,0,0,0
BRDA:150,1,0,0
BRF:2
BRH:0
end_of_record
TN:
SF:src/hooks/useAsyncStorage.tsx
FN:44,(anonymous_1)
FN:48,(anonymous_2)
FN:60,(anonymous_3)
FN:71,(anonymous_4)
FN:82,(anonymous_5)
FN:95,(anonymous_6)
FN:99,(anonymous_7)
FN:103,(anonymous_8)
FN:107,(anonymous_9)
FN:122,AsyncStorageProvider
FN:133,(anonymous_11)
FN:137,(anonymous_12)
FN:138,(anonymous_13)
FN:153,(anonymous_14)
FN:167,(anonymous_15)
FN:181,(anonymous_16)
FN:195,(anonymous_17)
FN:204,(anonymous_18)
FN:213,useAsyncStorage
FNF:19
FNH:10
FNDA:2,(anonymous_1)
FNDA:1,(anonymous_2)
FNDA:1,(anonymous_3)
FNDA:1,(anonymous_4)
FNDA:1,(anonymous_5)
FNDA:4,(anonymous_6)
FNDA:4,(anonymous_7)
FNDA:1,(anonymous_8)
FNDA:1,(anonymous_9)
FNDA:0,AsyncStorageProvider
FNDA:0,(anonymous_11)
FNDA:0,(anonymous_12)
FNDA:0,(anonymous_13)
FNDA:0,(anonymous_14)
FNDA:0,(anonymous_15)
FNDA:0,(anonymous_16)
FNDA:0,(anonymous_17)
FNDA:0,(anonymous_18)
FNDA:1,useAsyncStorage
DA:1,17
DA:10,17
DA:39,2
DA:40,2
DA:41,2
DA:45,2
DA:49,1
DA:50,1
DA:51,1
DA:52,1
DA:53,1
DA:55,0
DA:56,0
DA:61,1
DA:62,1
DA:63,1
DA:64,1
DA:66,0
DA:67,0
DA:72,1
DA:73,1
DA:74,1
DA:75,1
DA:77,0
DA:78,0
DA:83,1
DA:84,1
DA:85,1
DA:86,1
DA:87,1
DA:88,1
DA:90,0
DA:91,0
DA:96,4
DA:100,4
DA:104,1
DA:108,1
DA:113,17
DA:122,17
DA:127,0
DA:128,0
DA:129,0
DA:132,0
DA:133,0
DA:137,0
DA:138,0
DA:139,0
DA:140,0
DA:141,0
DA:142,0
DA:143,0
DA:145,0
DA:149,0
DA:152,0
DA:154,0
DA:155,0
DA:156,0
DA:157,0
DA:158,0
DA:160,0
DA:166,0
DA:168,0
DA:169,0
DA:170,0
DA:171,0
DA:172,0
DA:174,0
DA:180,0
DA:182,0
DA:183,0
DA:184,0
DA:185,0
DA:186,0
DA:188,0
DA:194,0
DA:195,0
DA:203,0
DA:204,0
DA:208,0
DA:213,17
DA:214,1
DA:215,0
DA:216,0
DA:220,0
DA:224,17
LF:85
LH:34
BRDA:44,0,0,0
BRDA:133,1,0,0
BRDA:133,1,1,0
BRDA:215,2,0,0
BRF:4
BRH:0
end_of_record
TN:
SF:src/hooks/useAuthentication.ts
FN:25,(anonymous_0)
FN:41,(anonymous_1)
FN:49,(anonymous_2)
FN:61,(anonymous_3)
FN:77,(anonymous_4)
FN:86,(anonymous_5)
FN:93,(anonymous_6)
FN:102,(anonymous_7)
FN:105,(anonymous_8)
FN:117,(anonymous_9)
FN:124,(anonymous_10)
FNF:11
FNH:0
FNDA:0,(anonymous_0)
FNDA:0,(anonymous_1)
FNDA:0,(anonymous_2)
FNDA:0,(anonymous_3)
FNDA:0,(anonymous_4)
FNDA:0,(anonymous_5)
FNDA:0,(anonymous_6)
FNDA:0,(anonymous_7)
FNDA:0,(anonymous_8)
FNDA:0,(anonymous_9)
FNDA:0,(anonymous_10)
DA:1,3
DA:2,3
DA:3,3
DA:8,3
DA:13,3
DA:25,3
DA:26,0
DA:30,0
DA:31,0
DA:34,0
DA:37,0
DA:38,0
DA:41,0
DA:42,0
DA:43,0
DA:49,0
DA:50,0
DA:52,0
DA:54,0
DA:57,0
DA:60,0
DA:61,0
DA:64,0
DA:65,0
DA:67,0
DA:68,0
DA:70,0
DA:77,0
DA:78,0
DA:80,0
DA:81,0
DA:82,0
DA:86,0
DA:92,0
DA:93,0
DA:95,0
DA:102,0
DA:103,0
DA:105,0
DA:106,0
DA:107,0
DA:108,0
DA:110,0
DA:111,0
DA:112,0
DA:113,0
DA:117,0
DA:123,0
DA:124,0
DA:126,0
DA:131,0
DA:135,0
DA:138,0
LF:53
LH:6
BRDA:78,0,0,0
BRDA:89,1,0,0
BRDA:89,1,1,0
BRDA:103,2,0,0
BRDA:103,3,0,0
BRDA:103,3,1,0
BRDA:103,3,2,0
BRDA:108,4,0,0
BRDA:108,5,0,0
BRDA:108,5,1,0
BRDA:110,6,0,0
BRDA:120,7,0,0
BRDA:120,7,1,0
BRF:13
BRH:0
end_of_record
TN:
SF:src/hooks/useReading.ts
FN:13,useReading
FN:28,(anonymous_1)
FN:30,(anonymous_2)
FN:33,(anonymous_3)
FN:50,(anonymous_4)
FN:54,(anonymous_5)
FN:57,(anonymous_6)
FN:78,(anonymous_7)
FN:81,(anonymous_8)
FN:106,(anonymous_9)
FN:113,(anonymous_10)
FN:119,(anonymous_11)
FN:122,(anonymous_12)
FN:128,(anonymous_13)
FN:133,(anonymous_14)
FN:137,(anonymous_15)
FN:147,(anonymous_16)
FN:157,(anonymous_17)
FN:161,(anonymous_18)
FN:175,(anonymous_19)
FNF:20
FNH:0
FNDA:0,useReading
FNDA:0,(anonymous_1)
FNDA:0,(anonymous_2)
FNDA:0,(anonymous_3)
FNDA:0,(anonymous_4)
FNDA:0,(anonymous_5)
FNDA:0,(anonymous_6)
FNDA:0,(anonymous_7)
FNDA:0,(anonymous_8)
FNDA:0,(anonymous_9)
FNDA:0,(anonymous_10)
FNDA:0,(anonymous_11)
FNDA:0,(anonymous_12)
FNDA:0,(anonymous_13)
FNDA:0,(anonymous_14)
FNDA:0,(anonymous_15)
FNDA:0,(anonymous_16)
FNDA:0,(anonymous_17)
FNDA:0,(anonymous_18)
FNDA:0,(anonymous_19)
DA:1,2
DA:2,2
DA:3,2
DA:4,2
DA:5,2
DA:13,2
DA:15,0
DA:16,0
DA:17,0
DA:18,0
DA:19,0
DA:20,0
DA:21,0
DA:22,0
DA:23,0
DA:24,0
DA:25,0
DA:28,0
DA:29,0
DA:31,0
DA:34,0
DA:35,0
DA:36,0
DA:37,0
DA:39,0
DA:40,0
DA:41,0
DA:43,0
DA:50,0
DA:51,0
DA:53,0
DA:55,0
DA:58,0
DA:59,0
DA:60,0
DA:61,0
DA:62,0
DA:63,0
DA:65,0
DA:68,0
DA:75,0
DA:76,0
DA:77,0
DA:79,0
DA:82,0
DA:84,0
DA:86,0
DA:88,0
DA:89,0
DA:90,0
DA:93,0
DA:94,0
DA:95,0
DA:98,0
DA:99,0
DA:106,0
DA:107,0
DA:108,0
DA:113,0
DA:114,0
DA:115,0
DA:118,0
DA:120,0
DA:123,0
DA:124,0
DA:125,0
DA:129,0
DA:133,0
DA:134,0
DA:137,0
DA:138,0
DA:139,0
DA:140,0
DA:142,0
DA:146,0
DA:148,0
DA:149,0
DA:150,0
DA:152,0
DA:157,0
DA:158,0
DA:159,0
DA:160,0
DA:161,0
DA:163,0
DA:164,0
DA:166,0
DA:168,0
DA:169,0
DA:170,0
DA:171,0
DA:175,0
DA:176,0
DA:177,0
DA:178,0
DA:181,0
LF:96
LH:6
BRDA:34,0,0,0
BRDA:39,1,0,0
BRDA:40,2,0,0
BRDA:40,2,1,0
BRDA:51,3,0,0
BRDA:58,4,0,0
BRDA:59,5,0,0
BRDA:59,5,1,0
BRDA:61,6,0,0
BRDA:61,6,1,0
BRDA:75,7,0,0
BRDA:82,8,0,0
BRDA:86,9,0,0
BRDA:86,9,1,0
BRDA:88,10,0,0
BRDA:88,10,1,0
BRDA:107,11,0,0
BRDA:114,12,0,0
BRDA:123,13,0,0
BRDA:134,14,0,0
BRDA:138,15,0,0
BRDA:148,16,0,0
BRDA:158,17,0,0
BRDA:163,18,0,0
BRDA:164,19,0,0
BRDA:164,19,1,0
BRDA:166,20,0,0
BRDA:166,20,1,0
BRDA:168,21,0,0
BRDA:168,21,1,0
BRDA:170,22,0,0
BRDA:170,22,1,0
BRDA:176,23,0,0
BRF:33
BRH:0
end_of_record
TN:
SF:src/hooks/useSpeech.ts
FN:10,useSpeech
FN:27,(anonymous_10)
FN:32,(anonymous_11)
FN:41,(anonymous_12)
FN:45,(anonymous_13)
FN:60,(anonymous_14)
FN:75,(anonymous_15)
FN:103,(anonymous_16)
FN:133,(anonymous_17)
FN:142,(anonymous_18)
FN:148,(anonymous_19)
FNF:11
FNH:0
FNDA:0,useSpeech
FNDA:0,(anonymous_10)
FNDA:0,(anonymous_11)
FNDA:0,(anonymous_12)
FNDA:0,(anonymous_13)
FNDA:0,(anonymous_14)
FNDA:0,(anonymous_15)
FNDA:0,(anonymous_16)
FNDA:0,(anonymous_17)
FNDA:0,(anonymous_18)
FNDA:0,(anonymous_19)
DA:1,2
DA:2,2
DA:3,2
DA:4,2
DA:10,2
DA:11,0
DA:12,0
DA:13,0
DA:16,0
DA:17,0
DA:18,0
DA:19,0
DA:20,0
DA:27,0
DA:28,0
DA:32,0
DA:33,0
DA:34,0
DA:36,0
DA:41,0
DA:43,0
DA:45,0
DA:46,0
DA:48,0
DA:49,0
DA:50,0
DA:51,0
DA:52,0
DA:56,0
DA:60,0
DA:61,0
DA:65,0
DA:68,0
DA:69,0
DA:71,0
DA:76,0
DA:78,0
DA:80,0
DA:84,0
DA:87,0
DA:88,0
DA:91,0
DA:92,0
DA:94,0
DA:95,0
DA:96,0
DA:103,0
DA:113,0
DA:116,0
DA:119,0
DA:120,0
DA:121,0
DA:122,0
DA:125,0
DA:126,0
DA:127,0
DA:130,0
DA:133,0
DA:134,0
DA:135,0
DA:136,0
DA:137,0
DA:138,0
DA:139,0
DA:142,0
DA:143,0
DA:144,0
DA:145,0
DA:148,0
DA:149,0
DA:150,0
DA:151,0
DA:154,0
DA:155,0
DA:159,0
LF:75
LH:5
BRDA:33,0,0,0
BRDA:33,0,1,0
BRDA:50,1,0,0
BRDA:50,1,1,0
BRDA:51,2,0,0
BRDA:56,3,0,0
BRDA:56,3,1,0
BRDA:61,4,0,0
BRDA:62,5,0,0
BRDA:62,5,1,0
BRDA:76,6,0,0
BRDA:80,7,0,0
BRDA:80,7,1,0
BRDA:91,8,0,0
BRDA:91,8,1,0
BRDA:116,9,0,0
BRDA:116,9,1,0
BRDA:154,10,0,0
BRF:18
BRH:0
end_of_record
TN:
SF:src/services/authService.ts
FN:18,(anonymous_9)
FN:30,(anonymous_10)
FN:43,(anonymous_11)
FN:65,(anonymous_12)
FN:73,(anonymous_13)
FN:80,(anonymous_14)
FNF:6
FNH:6
FNDA:3,(anonymous_9)
FNDA:6,(anonymous_10)
FNDA:5,(anonymous_11)
FNDA:7,(anonymous_12)
FNDA:2,(anonymous_13)
FNDA:4,(anonymous_14)
DA:1,4
DA:2,4
DA:18,4
DA:19,3
DA:20,3
DA:22,1
DA:23,1
DA:30,4
DA:31,6
DA:32,6
DA:34,1
DA:35,1
DA:42,4
DA:43,4
DA:44,5
DA:45,5
DA:50,4
DA:55,1
DA:65,4
DA:66,7
DA:67,3
DA:73,4
DA:74,2
DA:80,4
DA:84,4
DA:86,4
DA:87,4
DA:88,1
DA:92,3
DA:93,3
DA:94,1
DA:97,1
DA:101,2
DA:102,2
DA:103,1
DA:104,1
DA:107,1
DA:109,0
DA:110,0
LF:39
LH:37
BRDA:52,0,0,2
BRDA:52,0,1,2
BRDA:57,1,0,1
BRDA:57,1,1,0
BRDA:66,2,0,4
BRDA:87,3,0,1
BRDA:93,4,0,1
BRDA:102,5,0,1
BRF:8
BRH:7
end_of_record
TN:
SF:src/services/backgroundTaskService.ts
FN:18,(anonymous_9)
FN:35,(anonymous_10)
FN:51,(anonymous_11)
FNF:3
FNH:3
FNDA:3,(anonymous_9)
FNDA:3,(anonymous_10)
FNDA:3,(anonymous_11)
DA:1,4
DA:2,4
DA:11,4
DA:18,4
DA:22,3
DA:23,3
DA:24,2
DA:25,2
DA:27,1
DA:28,1
DA:35,4
DA:38,3
DA:39,3
DA:40,2
DA:41,2
DA:43,1
DA:44,1
DA:51,4
DA:54,3
DA:55,3
DA:56,2
DA:58,1
DA:62,1
LF:23
LH:23
BRDA:19,0,0,2
BRDA:20,1,0,2
BRDA:36,2,0,2
BRDA:52,3,0,3
BRF:4
BRH:4
end_of_record
TN:
SF:src/services/speechService.ts
FN:14,(anonymous_10)
FN:21,(anonymous_11)
FN:30,(anonymous_12)
FN:38,(anonymous_13)
FN:44,(anonymous_14)
FN:51,(anonymous_15)
FN:66,(anonymous_16)
FN:89,(anonymous_17)
FN:91,(anonymous_18)
FN:96,(anonymous_19)
FN:111,(anonymous_20)
FN:115,(anonymous_21)
FN:119,(anonymous_22)
FN:123,(anonymous_23)
FNF:14
FNH:12
FNDA:6,(anonymous_10)
FNDA:19,(anonymous_11)
FNDA:0,(anonymous_12)
FNDA:9,(anonymous_13)
FNDA:8,(anonymous_14)
FNDA:7,(anonymous_15)
FNDA:11,(anonymous_16)
FNDA:2,(anonymous_17)
FNDA:2,(anonymous_18)
FNDA:0,(anonymous_19)
FNDA:1,(anonymous_20)
FNDA:1,(anonymous_21)
FNDA:1,(anonymous_22)
FNDA:1,(anonymous_23)
DA:1,3
DA:2,3
DA:3,3
DA:11,3
DA:15,6
DA:16,3
DA:18,6
DA:22,19
DA:23,19
DA:25,3
DA:26,3
DA:31,0
DA:32,0
DA:34,0
DA:39,9
DA:40,9
DA:41,9
DA:45,8
DA:46,8
DA:47,8
DA:49,5
DA:50,4
DA:52,7
DA:55,4
DA:58,3
DA:59,3
DA:61,1
DA:62,1
DA:71,11
DA:72,11
DA:76,11
DA:77,11
DA:78,2
DA:79,2
DA:82,9
DA:84,9
DA:90,2
DA:92,2
DA:93,1
DA:97,0
DA:102,9
DA:107,0
DA:112,1
DA:116,1
DA:120,1
DA:124,1
DA:128,3
LF:47
LH:42
BRDA:15,0,0,3
BRDA:39,1,0,0
BRDA:47,2,0,3
BRDA:55,3,0,1
BRDA:58,4,0,1
BRDA:58,4,1,2
BRDA:59,5,0,2
BRDA:59,5,1,1
BRDA:69,6,0,9
BRDA:72,7,0,2
BRDA:72,7,1,9
BRDA:77,8,0,2
BRDA:85,9,0,9
BRDA:85,9,1,8
BRDA:86,10,0,9
BRDA:86,10,1,8
BRDA:88,11,0,9
BRDA:88,11,1,8
BRDA:92,12,0,1
BRF:19
BRH:18
end_of_record
TN:
SF:src/services/splashScreenService.ts
FN:7,(anonymous_0)
FN:18,(anonymous_1)
FN:29,(anonymous_2)
FNF:3
FNH:3
FNDA:2,(anonymous_0)
FNDA:7,(anonymous_1)
FNDA:5,(anonymous_2)
DA:1,4
DA:2,4
DA:7,4
DA:8,2
DA:9,2
DA:11,1
DA:18,4
DA:19,7
DA:20,7
DA:22,4
DA:29,4
DA:32,5
DA:33,5
DA:34,5
DA:35,3
DA:38,0
DA:42,0
DA:43,0
LF:18
LH:15
BRDA:34,0,0,3
BRDA:42,1,0,0
BRF:2
BRH:1
end_of_record
TN:
SF:src/utils/readingUtils.ts
FN:5,(anonymous_9)
FN:14,(anonymous_10)
FN:27,(anonymous_11)
FN:35,(anonymous_12)
FN:41,(anonymous_13)
FN:58,(anonymous_14)
FNF:6
FNH:6
FNDA:4,(anonymous_9)
FNDA:4,(anonymous_10)
FNDA:5,(anonymous_11)
FNDA:2,(anonymous_12)
FNDA:9,(anonymous_13)
FNDA:7,(anonymous_14)
DA:1,1
DA:2,1
DA:3,1
DA:5,1
DA:6,4
DA:7,1
DA:14,1
DA:20,4
DA:21,4
DA:22,4
DA:23,3
DA:27,1
DA:33,5
DA:34,2
DA:35,2
DA:36,2
DA:41,1
DA:49,9
DA:51,9
DA:53,2
DA:54,2
DA:58,7
DA:59,7
DA:60,1
LF:24
LH:24
BRDA:6,0,0,1
BRDA:22,1,0,3
BRDA:33,2,0,2
BRDA:33,3,0,5
BRDA:33,3,1,4
BRDA:51,4,0,2
BRDA:59,5,0,1
BRDA:59,6,0,7
BRDA:59,6,1,5
BRDA:59,6,2,4
BRF:10
BRH:10
end_of_record
