TN:
SF:src/app/images.tsx
FNF:0
FNH:0
DA:1,1
LF:1
LH:1
BRF:0
BRH:0
end_of_record
TN:
SF:src/app/index.tsx
FN:8,Page
FN:64,(anonymous_1)
FN:72,(anonymous_2)
FN:90,(anonymous_3)
FNF:4
FNH:2
FNDA:1,Page
FNDA:0,(anonymous_1)
FNDA:0,(anonymous_2)
FNDA:4,(anonymous_3)
DA:1,1
DA:2,1
DA:3,1
DA:4,1
DA:5,1
DA:6,1
DA:8,1
DA:9,1
DA:11,1
DA:37,1
DA:64,0
DA:72,0
DA:91,4
LF:13
LH:11
BRF:0
BRH:0
end_of_record
TN:
SF:src/app/read.tsx
FN:22,Page
FN:67,(anonymous_10)
FN:79,(anonymous_11)
FN:83,(anonymous_12)
FN:100,(anonymous_13)
FN:113,(anonymous_14)
FN:124,(anonymous_15)
FN:128,(anonymous_16)
FN:147,(anonymous_17)
FN:157,(anonymous_18)
FN:165,(anonymous_19)
FN:169,(anonymous_20)
FN:175,(anonymous_21)
FN:185,(anonymous_22)
FN:197,(anonymous_23)
FN:212,(anonymous_24)
FN:233,(anonymous_25)
FN:245,(anonymous_26)
FN:263,(anonymous_27)
FN:264,(anonymous_28)
FNF:20
FNH:0
FNDA:0,Page
FNDA:0,(anonymous_10)
FNDA:0,(anonymous_11)
FNDA:0,(anonymous_12)
FNDA:0,(anonymous_13)
FNDA:0,(anonymous_14)
FNDA:0,(anonymous_15)
FNDA:0,(anonymous_16)
FNDA:0,(anonymous_17)
FNDA:0,(anonymous_18)
FNDA:0,(anonymous_19)
FNDA:0,(anonymous_20)
FNDA:0,(anonymous_21)
FNDA:0,(anonymous_22)
FNDA:0,(anonymous_23)
FNDA:0,(anonymous_24)
FNDA:0,(anonymous_25)
FNDA:0,(anonymous_26)
FNDA:0,(anonymous_27)
FNDA:0,(anonymous_28)
DA:1,2
DA:2,2
DA:3,2
DA:4,2
DA:5,2
DA:6,2
DA:11,2
DA:12,2
DA:13,2
DA:14,2
DA:15,2
DA:22,2
DA:25,0
DA:26,0
DA:28,0
DA:29,0
DA:31,0
DA:32,0
DA:33,0
DA:34,0
DA:36,0
DA:37,0
DA:50,0
DA:56,0
DA:57,0
DA:58,0
DA:59,0
DA:60,0
DA:61,0
DA:62,0
DA:63,0
DA:64,0
DA:67,0
DA:79,0
DA:81,0
DA:83,0
DA:84,0
DA:88,0
DA:94,0
DA:99,0
DA:102,0
DA:103,0
DA:106,0
DA:107,0
DA:108,0
DA:111,0
DA:113,0
DA:114,0
DA:118,0
DA:119,0
DA:122,0
DA:126,0
DA:128,0
DA:129,0
DA:133,0
DA:136,0
DA:138,0
DA:140,0
DA:141,0
DA:142,0
DA:145,0
DA:147,0
DA:148,0
DA:157,0
DA:158,0
DA:159,0
DA:160,0
DA:161,0
DA:162,0
DA:165,0
DA:166,0
DA:169,0
DA:170,0
DA:171,0
DA:175,0
DA:176,0
DA:177,0
DA:181,0
DA:183,0
DA:186,0
DA:187,0
DA:191,0
DA:195,0
DA:198,0
DA:199,0
DA:200,0
DA:201,0
DA:206,0
DA:208,0
DA:213,0
DA:233,0
DA:247,0
DA:248,0
DA:252,0
DA:253,0
DA:255,0
DA:256,0
DA:257,0
DA:263,0
DA:264,0
LF:100
LH:12
BRDA:79,0,0,0
BRDA:84,1,0,0
BRDA:94,2,0,0
BRDA:94,2,1,0
BRDA:100,3,0,0
BRDA:102,4,0,0
BRDA:138,5,0,0
BRDA:138,5,1,0
BRDA:157,6,0,0
BRDA:170,7,0,0
BRDA:176,8,0,0
BRDA:186,9,0,0
BRDA:186,10,0,0
BRDA:186,10,1,0
BRDA:198,11,0,0
BRDA:198,11,1,0
BRDA:200,12,0,0
BRDA:213,13,0,0
BRDA:213,13,1,0
BRDA:216,14,0,0
BRDA:216,14,1,0
BRDA:237,15,0,0
BRDA:237,15,1,0
BRDA:247,16,0,0
BRDA:247,17,0,0
BRDA:247,17,1,0
BRDA:252,18,0,0
BRDA:256,19,0,0
BRF:28
BRH:0
end_of_record
TN:
SF:src/components/AnalysisModal.tsx
FN:14,AnalysisModal
FNF:1
FNH:0
FNDA:0,AnalysisModal
DA:2,1
DA:3,1
DA:4,1
DA:5,1
DA:14,1
DA:20,0
LF:6
LH:5
BRDA:34,0,0,0
BRDA:34,0,1,0
BRF:2
BRH:0
end_of_record
TN:
SF:src/components/ContentArea.tsx
FN:12,ContentArea
FNF:1
FNH:0
FNDA:0,ContentArea
DA:2,1
DA:3,1
DA:12,1
DA:18,0
LF:4
LH:3
BRDA:29,0,0,0
BRDA:29,0,1,0
BRF:2
BRH:0
end_of_record
TN:
SF:src/components/Footer.tsx
FN:5,(anonymous_1)
FNF:1
FNH:0
FNDA:0,(anonymous_1)
DA:1,1
DA:2,1
DA:3,1
DA:5,1
DA:6,0
DA:7,0
LF:6
LH:4
BRF:0
BRH:0
end_of_record
TN:
SF:src/components/PlayBar.tsx
FN:22,PlayBar
FNF:1
FNH:0
FNDA:0,PlayBar
DA:2,1
DA:3,1
DA:4,1
DA:22,1
DA:36,0
LF:5
LH:4
BRDA:54,0,0,0
BRDA:54,0,1,0
BRDA:61,1,0,0
BRDA:61,1,1,0
BRDA:68,2,0,0
BRDA:68,2,1,0
BRDA:76,3,0,0
BRDA:76,3,1,0
BRDA:84,4,0,0
BRDA:84,4,1,0
BRF:10
BRH:0
end_of_record
TN:
SF:src/components/SpeechTask.tsx
FN:37,(anonymous_9)
FN:6,(anonymous_10)
FNF:2
FNH:2
FNDA:8,(anonymous_9)
FNDA:7,(anonymous_10)
DA:1,2
DA:2,2
DA:4,2
DA:6,2
DA:7,7
DA:8,7
DA:9,1
DA:10,1
DA:12,6
DA:13,1
DA:14,1
DA:15,1
DA:17,5
DA:18,2
DA:27,2
DA:32,3
DA:37,10
LF:17
LH:17
BRDA:8,0,0,1
BRDA:12,1,0,1
BRDA:17,2,0,2
BRDA:17,2,1,3
BRDA:17,3,0,5
BRDA:17,3,1,5
BRDA:17,3,2,4
BRF:7
BRH:7
end_of_record
TN:
SF:src/components/colors.js
FNF:0
FNH:0
DA:1,2
LF:1
LH:1
BRF:0
BRH:0
end_of_record
TN:
SF:src/components/global.tsx
FN:13,(anonymous_1)
FN:18,showErrorToast
FN:30,showInfoToast
FN:41,sleep
FN:42,(anonymous_5)
FN:46,fileNameComparator
FNF:6
FNH:6
FNDA:3,(anonymous_1)
FNDA:5,showErrorToast
FNDA:2,showInfoToast
FNDA:2,sleep
FNDA:2,(anonymous_5)
FNDA:10,fileNameComparator
DA:1,8
DA:4,8
DA:5,8
DA:6,8
DA:7,8
DA:8,8
DA:9,8
DA:10,8
DA:11,8
DA:13,8
DA:14,3
DA:15,3
DA:18,8
DA:19,5
DA:30,8
DA:31,2
DA:41,8
DA:42,2
DA:46,8
DA:48,10
DA:50,10
DA:53,10
DA:55,3
DA:56,7
DA:58,2
DA:61,5
LF:26
LH:26
BRDA:53,0,0,3
BRDA:53,0,1,7
BRDA:56,1,0,2
BRDA:56,1,1,5
BRF:4
BRH:4
end_of_record
TN:
SF:src/components/image.tsx
FN:12,(anonymous_0)
FN:28,(anonymous_1)
FNF:2
FNH:0
FNDA:0,(anonymous_0)
FNDA:0,(anonymous_1)
DA:2,1
DA:3,1
DA:10,1
DA:12,1
DA:18,0
DA:28,1
DA:29,0
LF:7
LH:5
BRDA:15,0,0,0
BRF:1
BRH:0
end_of_record
TN:
SF:src/hooks/use-theme-config.tsx
FN:32,useThemeConfig
FN:41,(anonymous_2)
FNF:2
FNH:0
FNDA:0,useThemeConfig
FNDA:0,(anonymous_2)
DA:2,3
DA:6,3
DA:8,3
DA:9,3
DA:11,3
DA:23,3
DA:32,3
DA:33,0
DA:34,0
DA:37,0
DA:41,0
DA:42,0
DA:43,0
DA:44,0
DA:45,0
DA:47,0
LF:16
LH:7
BRDA:35,0,0,0
BRDA:35,0,1,0
BRDA:38,1,0,0
BRDA:38,1,1,0
BRDA:43,2,0,0
BRDA:43,2,1,0
BRF:6
BRH:0
end_of_record
TN:
SF:src/hooks/useAsyncStorage.fixed.tsx
FN:46,AsyncStorageProvider
FN:55,(anonymous_2)
FN:56,(anonymous_3)
FN:75,(anonymous_4)
FN:79,(anonymous_5)
FN:92,(anonymous_6)
FN:96,(anonymous_7)
FN:97,(anonymous_8)
FN:109,(anonymous_9)
FN:113,(anonymous_10)
FN:118,(anonymous_11)
FN:130,(anonymous_12)
FN:139,(anonymous_13)
FN:148,useAsyncStorage
FNF:14
FNH:0
FNDA:0,AsyncStorageProvider
FNDA:0,(anonymous_2)
FNDA:0,(anonymous_3)
FNDA:0,(anonymous_4)
FNDA:0,(anonymous_5)
FNDA:0,(anonymous_6)
FNDA:0,(anonymous_7)
FNDA:0,(anonymous_8)
FNDA:0,(anonymous_9)
FNDA:0,(anonymous_10)
FNDA:0,(anonymous_11)
FNDA:0,(anonymous_12)
FNDA:0,(anonymous_13)
FNDA:0,useAsyncStorage
DA:1,2
DA:10,2
DA:38,2
DA:46,2
DA:50,0
DA:51,0
DA:52,0
DA:55,0
DA:56,0
DA:57,0
DA:58,0
DA:59,0
DA:60,0
DA:61,0
DA:62,0
DA:64,0
DA:65,0
DA:67,0
DA:71,0
DA:74,0
DA:76,0
DA:77,0
DA:78,0
DA:79,0
DA:80,0
DA:82,0
DA:83,0
DA:85,0
DA:91,0
DA:93,0
DA:94,0
DA:95,0
DA:96,0
DA:97,0
DA:99,0
DA:100,0
DA:102,0
DA:108,0
DA:110,0
DA:111,0
DA:112,0
DA:113,0
DA:114,0
DA:115,0
DA:116,0
DA:118,0
DA:120,0
DA:121,0
DA:123,0
DA:129,0
DA:130,0
DA:138,0
DA:139,0
DA:143,0
DA:148,2
DA:149,0
DA:150,0
DA:151,0
DA:155,0
LF:59
LH:5
BRDA:48,0,0,0
BRDA:150,1,0,0
BRF:2
BRH:0
end_of_record
TN:
SF:src/hooks/useAsyncStorage.tsx
FN:44,(anonymous_1)
FN:48,(anonymous_2)
FN:60,(anonymous_3)
FN:71,(anonymous_4)
FN:82,(anonymous_5)
FN:95,(anonymous_6)
FN:99,(anonymous_7)
FN:103,(anonymous_8)
FN:107,(anonymous_9)
FN:122,AsyncStorageProvider
FN:133,(anonymous_11)
FN:137,(anonymous_12)
FN:138,(anonymous_13)
FN:153,(anonymous_14)
FN:167,(anonymous_15)
FN:181,(anonymous_16)
FN:195,(anonymous_17)
FN:204,(anonymous_18)
FN:213,useAsyncStorage
FNF:19
FNH:10
FNDA:2,(anonymous_1)
FNDA:1,(anonymous_2)
FNDA:1,(anonymous_3)
FNDA:1,(anonymous_4)
FNDA:1,(anonymous_5)
FNDA:4,(anonymous_6)
FNDA:4,(anonymous_7)
FNDA:1,(anonymous_8)
FNDA:1,(anonymous_9)
FNDA:0,AsyncStorageProvider
FNDA:0,(anonymous_11)
FNDA:0,(anonymous_12)
FNDA:0,(anonymous_13)
FNDA:0,(anonymous_14)
FNDA:0,(anonymous_15)
FNDA:0,(anonymous_16)
FNDA:0,(anonymous_17)
FNDA:0,(anonymous_18)
FNDA:4,useAsyncStorage
DA:1,16
DA:10,16
DA:39,2
DA:40,2
DA:41,2
DA:45,2
DA:49,1
DA:50,1
DA:51,1
DA:52,1
DA:53,1
DA:55,0
DA:56,0
DA:61,1
DA:62,1
DA:63,1
DA:64,1
DA:66,0
DA:67,0
DA:72,1
DA:73,1
DA:74,1
DA:75,1
DA:77,0
DA:78,0
DA:83,1
DA:84,1
DA:85,1
DA:86,1
DA:87,1
DA:88,1
DA:90,0
DA:91,0
DA:96,4
DA:100,4
DA:104,1
DA:108,1
DA:113,16
DA:122,16
DA:127,0
DA:128,0
DA:129,0
DA:132,0
DA:133,0
DA:137,0
DA:138,0
DA:139,0
DA:140,0
DA:141,0
DA:142,0
DA:143,0
DA:145,0
DA:149,0
DA:152,0
DA:154,0
DA:155,0
DA:156,0
DA:157,0
DA:158,0
DA:160,0
DA:166,0
DA:168,0
DA:169,0
DA:170,0
DA:171,0
DA:172,0
DA:174,0
DA:180,0
DA:182,0
DA:183,0
DA:184,0
DA:185,0
DA:186,0
DA:188,0
DA:194,0
DA:195,0
DA:203,0
DA:204,0
DA:208,0
DA:213,16
DA:214,4
DA:215,0
DA:216,0
DA:220,0
DA:224,16
LF:85
LH:34
BRDA:44,0,0,0
BRDA:133,1,0,0
BRDA:133,1,1,0
BRDA:215,2,0,0
BRF:4
BRH:0
end_of_record
TN:
SF:src/hooks/useAuthentication.ts
FN:25,(anonymous_0)
FN:41,(anonymous_1)
FN:49,(anonymous_2)
FN:61,(anonymous_3)
FN:77,(anonymous_4)
FN:86,(anonymous_5)
FN:93,(anonymous_6)
FN:102,(anonymous_7)
FN:105,(anonymous_8)
FN:117,(anonymous_9)
FN:124,(anonymous_10)
FNF:11
FNH:0
FNDA:0,(anonymous_0)
FNDA:0,(anonymous_1)
FNDA:0,(anonymous_2)
FNDA:0,(anonymous_3)
FNDA:0,(anonymous_4)
FNDA:0,(anonymous_5)
FNDA:0,(anonymous_6)
FNDA:0,(anonymous_7)
FNDA:0,(anonymous_8)
FNDA:0,(anonymous_9)
FNDA:0,(anonymous_10)
DA:1,1
DA:2,1
DA:3,1
DA:8,1
DA:13,1
DA:25,1
DA:26,0
DA:30,0
DA:31,0
DA:34,0
DA:37,0
DA:38,0
DA:41,0
DA:42,0
DA:43,0
DA:49,0
DA:50,0
DA:52,0
DA:54,0
DA:57,0
DA:60,0
DA:61,0
DA:64,0
DA:65,0
DA:67,0
DA:68,0
DA:70,0
DA:77,0
DA:78,0
DA:80,0
DA:81,0
DA:82,0
DA:86,0
DA:92,0
DA:93,0
DA:95,0
DA:102,0
DA:103,0
DA:105,0
DA:106,0
DA:107,0
DA:108,0
DA:110,0
DA:111,0
DA:112,0
DA:113,0
DA:117,0
DA:123,0
DA:124,0
DA:126,0
DA:131,0
DA:135,0
DA:138,0
LF:53
LH:6
BRDA:78,0,0,0
BRDA:89,1,0,0
BRDA:89,1,1,0
BRDA:103,2,0,0
BRDA:103,3,0,0
BRDA:103,3,1,0
BRDA:103,3,2,0
BRDA:108,4,0,0
BRDA:108,5,0,0
BRDA:108,5,1,0
BRDA:110,6,0,0
BRDA:120,7,0,0
BRDA:120,7,1,0
BRF:13
BRH:0
end_of_record
TN:
SF:src/hooks/useReading.ts
FN:13,useReading
FN:28,(anonymous_1)
FN:30,(anonymous_2)
FN:33,(anonymous_3)
FN:50,(anonymous_4)
FN:54,(anonymous_5)
FN:57,(anonymous_6)
FN:78,(anonymous_7)
FN:81,(anonymous_8)
FN:106,(anonymous_9)
FN:113,(anonymous_10)
FN:119,(anonymous_11)
FN:122,(anonymous_12)
FN:128,(anonymous_13)
FN:133,(anonymous_14)
FN:137,(anonymous_15)
FN:147,(anonymous_16)
FN:157,(anonymous_17)
FN:161,(anonymous_18)
FN:175,(anonymous_19)
FNF:20
FNH:0
FNDA:0,useReading
FNDA:0,(anonymous_1)
FNDA:0,(anonymous_2)
FNDA:0,(anonymous_3)
FNDA:0,(anonymous_4)
FNDA:0,(anonymous_5)
FNDA:0,(anonymous_6)
FNDA:0,(anonymous_7)
FNDA:0,(anonymous_8)
FNDA:0,(anonymous_9)
FNDA:0,(anonymous_10)
FNDA:0,(anonymous_11)
FNDA:0,(anonymous_12)
FNDA:0,(anonymous_13)
FNDA:0,(anonymous_14)
FNDA:0,(anonymous_15)
FNDA:0,(anonymous_16)
FNDA:0,(anonymous_17)
FNDA:0,(anonymous_18)
FNDA:0,(anonymous_19)
DA:1,2
DA:2,2
DA:3,2
DA:4,2
DA:5,2
DA:13,2
DA:15,0
DA:16,0
DA:17,0
DA:18,0
DA:19,0
DA:20,0
DA:21,0
DA:22,0
DA:23,0
DA:24,0
DA:25,0
DA:28,0
DA:29,0
DA:31,0
DA:34,0
DA:35,0
DA:36,0
DA:37,0
DA:39,0
DA:40,0
DA:41,0
DA:43,0
DA:50,0
DA:51,0
DA:53,0
DA:55,0
DA:58,0
DA:59,0
DA:60,0
DA:61,0
DA:62,0
DA:63,0
DA:65,0
DA:68,0
DA:75,0
DA:76,0
DA:77,0
DA:79,0
DA:82,0
DA:84,0
DA:86,0
DA:88,0
DA:89,0
DA:90,0
DA:93,0
DA:94,0
DA:95,0
DA:98,0
DA:99,0
DA:106,0
DA:107,0
DA:108,0
DA:113,0
DA:114,0
DA:115,0
DA:118,0
DA:120,0
DA:123,0
DA:124,0
DA:125,0
DA:129,0
DA:133,0
DA:134,0
DA:137,0
DA:138,0
DA:139,0
DA:140,0
DA:142,0
DA:146,0
DA:148,0
DA:149,0
DA:150,0
DA:152,0
DA:157,0
DA:158,0
DA:159,0
DA:160,0
DA:161,0
DA:163,0
DA:164,0
DA:166,0
DA:168,0
DA:169,0
DA:170,0
DA:171,0
DA:175,0
DA:176,0
DA:177,0
DA:178,0
DA:181,0
LF:96
LH:6
BRDA:34,0,0,0
BRDA:39,1,0,0
BRDA:40,2,0,0
BRDA:40,2,1,0
BRDA:51,3,0,0
BRDA:58,4,0,0
BRDA:59,5,0,0
BRDA:59,5,1,0
BRDA:61,6,0,0
BRDA:61,6,1,0
BRDA:75,7,0,0
BRDA:82,8,0,0
BRDA:86,9,0,0
BRDA:86,9,1,0
BRDA:88,10,0,0
BRDA:88,10,1,0
BRDA:107,11,0,0
BRDA:114,12,0,0
BRDA:123,13,0,0
BRDA:134,14,0,0
BRDA:138,15,0,0
BRDA:148,16,0,0
BRDA:158,17,0,0
BRDA:163,18,0,0
BRDA:164,19,0,0
BRDA:164,19,1,0
BRDA:166,20,0,0
BRDA:166,20,1,0
BRDA:168,21,0,0
BRDA:168,21,1,0
BRDA:170,22,0,0
BRDA:170,22,1,0
BRDA:176,23,0,0
BRF:33
BRH:0
end_of_record
TN:
SF:src/hooks/useSpeech.ts
FN:10,useSpeech
FN:27,(anonymous_10)
FN:32,(anonymous_11)
FN:41,(anonymous_12)
FN:45,(anonymous_13)
FN:60,(anonymous_14)
FN:75,(anonymous_15)
FN:103,(anonymous_16)
FN:133,(anonymous_17)
FN:142,(anonymous_18)
FN:148,(anonymous_19)
FNF:11
FNH:0
FNDA:0,useSpeech
FNDA:0,(anonymous_10)
FNDA:0,(anonymous_11)
FNDA:0,(anonymous_12)
FNDA:0,(anonymous_13)
FNDA:0,(anonymous_14)
FNDA:0,(anonymous_15)
FNDA:0,(anonymous_16)
FNDA:0,(anonymous_17)
FNDA:0,(anonymous_18)
FNDA:0,(anonymous_19)
DA:1,2
DA:2,2
DA:3,2
DA:4,2
DA:10,2
DA:11,0
DA:12,0
DA:13,0
DA:16,0
DA:17,0
DA:18,0
DA:19,0
DA:20,0
DA:27,0
DA:28,0
DA:32,0
DA:33,0
DA:34,0
DA:36,0
DA:41,0
DA:43,0
DA:45,0
DA:46,0
DA:48,0
DA:49,0
DA:50,0
DA:51,0
DA:52,0
DA:56,0
DA:60,0
DA:61,0
DA:65,0
DA:68,0
DA:69,0
DA:71,0
DA:76,0
DA:78,0
DA:80,0
DA:84,0
DA:87,0
DA:88,0
DA:91,0
DA:92,0
DA:94,0
DA:95,0
DA:96,0
DA:103,0
DA:113,0
DA:116,0
DA:119,0
DA:120,0
DA:121,0
DA:122,0
DA:125,0
DA:126,0
DA:127,0
DA:130,0
DA:133,0
DA:134,0
DA:135,0
DA:136,0
DA:137,0
DA:138,0
DA:139,0
DA:142,0
DA:143,0
DA:144,0
DA:145,0
DA:148,0
DA:149,0
DA:150,0
DA:151,0
DA:154,0
DA:155,0
DA:159,0
LF:75
LH:5
BRDA:33,0,0,0
BRDA:33,0,1,0
BRDA:50,1,0,0
BRDA:50,1,1,0
BRDA:51,2,0,0
BRDA:56,3,0,0
BRDA:56,3,1,0
BRDA:61,4,0,0
BRDA:62,5,0,0
BRDA:62,5,1,0
BRDA:76,6,0,0
BRDA:80,7,0,0
BRDA:80,7,1,0
BRDA:91,8,0,0
BRDA:91,8,1,0
BRDA:116,9,0,0
BRDA:116,9,1,0
BRDA:154,10,0,0
BRF:18
BRH:0
end_of_record
TN:
SF:src/services/authService.ts
FN:18,(anonymous_9)
FN:30,(anonymous_10)
FN:43,(anonymous_11)
FN:65,(anonymous_12)
FN:73,(anonymous_13)
FN:80,(anonymous_14)
FNF:6
FNH:6
FNDA:3,(anonymous_9)
FNDA:6,(anonymous_10)
FNDA:5,(anonymous_11)
FNDA:7,(anonymous_12)
FNDA:2,(anonymous_13)
FNDA:4,(anonymous_14)
DA:1,2
DA:2,2
DA:18,2
DA:19,3
DA:20,3
DA:22,1
DA:23,1
DA:30,2
DA:31,6
DA:32,6
DA:34,1
DA:35,1
DA:42,2
DA:43,2
DA:44,5
DA:45,5
DA:50,4
DA:55,1
DA:65,2
DA:66,7
DA:67,3
DA:73,2
DA:74,2
DA:80,2
DA:84,4
DA:86,4
DA:87,4
DA:88,1
DA:92,3
DA:93,3
DA:94,1
DA:97,1
DA:101,2
DA:102,2
DA:103,1
DA:104,1
DA:107,1
DA:109,0
DA:110,0
LF:39
LH:37
BRDA:52,0,0,2
BRDA:52,0,1,2
BRDA:57,1,0,1
BRDA:57,1,1,0
BRDA:66,2,0,4
BRDA:87,3,0,1
BRDA:93,4,0,1
BRDA:102,5,0,1
BRF:8
BRH:7
end_of_record
TN:
SF:src/services/backgroundTaskService.ts
FN:22,(anonymous_9)
FN:39,(anonymous_10)
FN:55,(anonymous_11)
FNF:3
FNH:2
FNDA:3,(anonymous_9)
FNDA:3,(anonymous_10)
FNDA:0,(anonymous_11)
DA:1,2
DA:2,2
DA:13,2
DA:22,2
DA:26,3
DA:27,3
DA:28,2
DA:29,2
DA:31,1
DA:32,1
DA:39,2
DA:42,3
DA:43,3
DA:44,2
DA:45,2
DA:47,1
DA:48,1
DA:55,2
DA:58,0
DA:59,0
DA:60,0
DA:62,0
DA:66,0
LF:23
LH:18
BRDA:23,0,0,2
BRDA:24,1,0,2
BRDA:40,2,0,2
BRDA:56,3,0,0
BRF:4
BRH:3
end_of_record
TN:
SF:src/services/speechService.ts
FN:14,(anonymous_10)
FN:21,(anonymous_11)
FN:30,(anonymous_12)
FN:38,(anonymous_13)
FN:44,(anonymous_14)
FN:51,(anonymous_15)
FN:66,(anonymous_16)
FN:89,(anonymous_17)
FN:91,(anonymous_18)
FN:96,(anonymous_19)
FN:111,(anonymous_20)
FN:115,(anonymous_21)
FN:119,(anonymous_22)
FN:123,(anonymous_23)
FNF:14
FNH:12
FNDA:5,(anonymous_10)
FNDA:19,(anonymous_11)
FNDA:0,(anonymous_12)
FNDA:9,(anonymous_13)
FNDA:8,(anonymous_14)
FNDA:7,(anonymous_15)
FNDA:11,(anonymous_16)
FNDA:2,(anonymous_17)
FNDA:2,(anonymous_18)
FNDA:0,(anonymous_19)
FNDA:1,(anonymous_20)
FNDA:1,(anonymous_21)
FNDA:1,(anonymous_22)
FNDA:1,(anonymous_23)
DA:1,2
DA:2,2
DA:3,2
DA:11,2
DA:15,5
DA:16,2
DA:18,5
DA:22,19
DA:23,19
DA:25,3
DA:26,3
DA:31,0
DA:32,0
DA:34,0
DA:39,9
DA:40,9
DA:41,9
DA:45,8
DA:46,8
DA:47,8
DA:49,5
DA:50,4
DA:52,7
DA:55,4
DA:58,3
DA:59,3
DA:61,1
DA:62,1
DA:71,11
DA:72,11
DA:76,11
DA:77,11
DA:78,2
DA:79,2
DA:82,9
DA:84,9
DA:90,2
DA:92,2
DA:93,1
DA:97,0
DA:102,9
DA:107,0
DA:112,1
DA:116,1
DA:120,1
DA:124,1
DA:128,2
LF:47
LH:42
BRDA:15,0,0,2
BRDA:39,1,0,0
BRDA:47,2,0,3
BRDA:55,3,0,1
BRDA:58,4,0,1
BRDA:58,4,1,2
BRDA:59,5,0,2
BRDA:59,5,1,1
BRDA:69,6,0,9
BRDA:72,7,0,2
BRDA:72,7,1,9
BRDA:77,8,0,2
BRDA:85,9,0,9
BRDA:85,9,1,8
BRDA:86,10,0,9
BRDA:86,10,1,8
BRDA:88,11,0,9
BRDA:88,11,1,8
BRDA:92,12,0,1
BRF:19
BRH:18
end_of_record
TN:
SF:src/services/splashScreenService.ts
FN:7,(anonymous_0)
FN:18,(anonymous_1)
FN:29,(anonymous_2)
FNF:3
FNH:3
FNDA:2,(anonymous_0)
FNDA:7,(anonymous_1)
FNDA:5,(anonymous_2)
DA:1,2
DA:2,2
DA:7,2
DA:8,2
DA:9,2
DA:11,1
DA:18,2
DA:19,7
DA:20,7
DA:22,4
DA:29,2
DA:32,5
DA:33,5
DA:34,5
DA:35,3
DA:38,0
DA:42,0
DA:43,0
LF:18
LH:15
BRDA:34,0,0,3
BRDA:42,1,0,0
BRF:2
BRH:1
end_of_record
TN:
SF:src/utils/readingUtils.ts
FN:5,(anonymous_9)
FN:14,(anonymous_10)
FN:27,(anonymous_11)
FN:35,(anonymous_12)
FN:41,(anonymous_13)
FN:58,(anonymous_14)
FNF:6
FNH:6
FNDA:4,(anonymous_9)
FNDA:4,(anonymous_10)
FNDA:5,(anonymous_11)
FNDA:2,(anonymous_12)
FNDA:9,(anonymous_13)
FNDA:7,(anonymous_14)
DA:1,2
DA:2,2
DA:3,2
DA:5,2
DA:6,4
DA:7,1
DA:14,2
DA:20,4
DA:21,4
DA:22,4
DA:23,3
DA:27,2
DA:33,5
DA:34,2
DA:35,2
DA:36,2
DA:41,2
DA:49,9
DA:51,9
DA:53,2
DA:54,2
DA:58,7
DA:59,7
DA:60,1
LF:24
LH:24
BRDA:6,0,0,1
BRDA:22,1,0,3
BRDA:33,2,0,2
BRDA:33,3,0,5
BRDA:33,3,1,4
BRDA:51,4,0,2
BRDA:59,5,0,1
BRDA:59,6,0,7
BRDA:59,6,1,5
BRDA:59,6,2,4
BRF:10
BRH:10
end_of_record
